2024-05-02 11:59:43,329 [WARNI] slope_volume_up_lt [        nan  0.          0.         ... -2.33109194 -0.86429876
  0.44850345]
2024-05-02 12:11:12,140 [WARNI] libmath l_highest max_val 64107.32
2024-05-02 12:11:12,141 [INFO ] Var_Func 42738.21333333333
2024-05-02 12:11:12,141 [INFO ] hlootSrc  longStop [42481.78405333334, 0.0] shortStop [42994.64261333333, 0.0]
2024-05-02 12:11:12,142 [INFO ] HOOT [0.0, 0.0, 0.0, array(42609.22940549)]
2024-05-02 12:11:12,143 [INFO ] Var_Funcl result 42594.479999999996
2024-05-02 12:11:12,143 [INFO ] LOOT [0.0, 0.0, 0.0, array(42465.92985936)]
2024-05-02 12:11:12,144 [INFO ] long exmpl [0.0, 0.0, 0.0, array(42609.22940549)] 
2024-05-02 12:11:41,585 [WARNI] libmath l_highest max_val 64107.32
2024-05-02 12:11:41,586 [INFO ] Var_Func 42738.21333333333
2024-05-02 12:11:41,586 [INFO ] hlootSrc  longStop [42481.78405333334, 0.0] shortStop [42994.64261333333, 0.0]
2024-05-02 12:13:23,027 [WARNI] libmath l_highest max_val 64107.32
2024-05-02 12:13:23,028 [INFO ] Var_Func 42738.21333333333
2024-05-02 12:13:23,029 [INFO ] hlootSrc  longStop [42481.78405333334, 0.0] shortStop [42994.64261333333, 0.0]
2024-05-02 12:13:23,029 [INFO ] HOOT [array(42609.22940549), 0.0, 0.0, 0.0]
2024-05-02 12:13:23,030 [INFO ] Var_Funcl result 42594.479999999996
2024-05-02 12:13:23,031 [INFO ] LOOT [array(42465.92985936), 0.0, 0.0, 0.0]
2024-05-02 12:13:23,031 [INFO ] long exmpl [array(42609.22940549), 0.0, 0.0, 0.0] 
2024-05-02 12:14:10,368 [WARNI] source.iloc <pandas.core.indexing._iLocIndexer object at 0x000002634A625030>
2024-05-02 12:14:10,369 [WARNI] source.iloc <pandas.core.indexing._iLocIndexer object at 0x000002634A7B9A30>
2024-05-02 12:14:10,370 [WARNI] libmath l_highest max_val 64107.32
2024-05-02 12:14:10,371 [INFO ] Var_Func 42738.21333333333
2024-05-02 12:14:10,371 [INFO ] hlootSrc  longStop [42481.78405333334, 0.0] shortStop [42994.64261333333, 0.0]
2024-05-02 12:14:10,372 [INFO ] HOOT [array(42609.22940549), 0.0, 0.0, 0.0]
2024-05-02 12:14:10,373 [INFO ] Var_Funcl result 42594.479999999996
2024-05-02 12:14:10,373 [INFO ] LOOT [array(42465.92985936), 0.0, 0.0, 0.0]
2024-05-02 12:14:10,374 [INFO ] long exmpl [array(42609.22940549), 0.0, 0.0, 0.0] 
