2024-04-28 20:51:38,631 [INFO ] 1 | Entry Type: Long | Entry Price: 73046.16 | Exit Price: 73024.4 | Entry Time: 2024-03-14 04:24:59.999000+02:00 | Exit Time: 2024-03-14 06:49:59.999000+02:00 | Profit/Loss (%): 0.08 | Volatility: 0.31
2024-04-28 20:51:38,632 [INFO ] 2 | Entry Type: Short | Entry Price: 72864.25 | Exit Price: 73555.0 | Entry Time: 2024-03-14 06:49:59.999000+02:00 | Exit Time: 2024-03-14 08:24:59.999000+02:00 | Profit/Loss (%): -0.66 | Volatility: 1.2
2024-04-28 20:51:38,633 [INFO ] 3 | Entry Type: Long | Entry Price: 73500.01 | Exit Price: 73394.45 | Entry Time: 2024-03-14 08:24:59.999000+02:00 | Exit Time: 2024-03-14 11:39:59.999000+02:00 | Profit/Loss (%): -0.05 | Volatility: 0.4
2024-04-28 20:51:38,634 [INFO ] 4 | Entry Type: Short | Entry Price: 73265.48 | Exit Price: 71117.77 | Entry Time: 2024-03-14 11:39:59.999000+02:00 | Exit Time: 2024-03-14 22:39:59.999000+02:00 | Profit/Loss (%): 3.63 | Volatility: 3.5
2024-04-28 20:51:38,635 [INFO ] 5 | Entry Type: Long | Entry Price: 71097.78 | Exit Price: 71481.11 | Entry Time: 2024-03-14 22:39:59.999000+02:00 | Exit Time: 2024-03-15 01:54:59.999000+02:00 | Profit/Loss (%): 1.08 | Volatility: 1.68
2024-04-28 20:51:38,635 [INFO ] 6 | Entry Type: Short | Entry Price: 71432.39 | Exit Price: 72109.43 | Entry Time: 2024-03-15 01:54:59.999000+02:00 | Exit Time: 2024-03-15 02:29:59.999000+02:00 | Profit/Loss (%): -0.47 | Volatility: 1.2
2024-04-28 20:51:38,636 [INFO ] 7 | Entry Type: Long | Entry Price: 72089.0 | Exit Price: 71900.0 | Entry Time: 2024-03-15 02:29:59.999000+02:00 | Exit Time: 2024-03-15 03:49:59.999000+02:00 | Profit/Loss (%): 0.12 | Volatility: 0.18
2024-04-28 20:51:38,637 [INFO ] 8 | Entry Type: Short | Entry Price: 71780.83 | Exit Price: 67593.66 | Entry Time: 2024-03-15 03:49:59.999000+02:00 | Exit Time: 2024-03-15 13:39:59.999000+02:00 | Profit/Loss (%): 6.27 | Volatility: 2.78
2024-04-28 20:51:38,638 [INFO ] 9 | Entry Type: Long | Entry Price: 67537.79 | Exit Price: 67861.1 | Entry Time: 2024-03-15 13:39:59.999000+02:00 | Exit Time: 2024-03-15 15:24:59.999000+02:00 | Profit/Loss (%): 0.69 | Volatility: 0.86
2024-04-28 20:51:38,639 [INFO ] 10 | Entry Type: Short | Entry Price: 67749.99 | Exit Price: 68448.0 | Entry Time: 2024-03-15 15:24:59.999000+02:00 | Exit Time: 2024-03-15 15:49:59.999000+02:00 | Profit/Loss (%): -0.28 | Volatility: 1.51
2024-04-28 20:51:38,640 [INFO ] 11 | Entry Type: Long | Entry Price: 68368.02 | Exit Price: 68272.79 | Entry Time: 2024-03-15 15:49:59.999000+02:00 | Exit Time: 2024-03-15 18:04:59.999000+02:00 | Profit/Loss (%): 0.15 | Volatility: 0.59
2024-04-28 20:51:38,641 [INFO ] 12 | Entry Type: Short | Entry Price: 67989.18 | Exit Price: 68466.23 | Entry Time: 2024-03-15 18:04:59.999000+02:00 | Exit Time: 2024-03-15 20:09:59.999000+02:00 | Profit/Loss (%): -0.29 | Volatility: 1.39
2024-04-28 20:51:38,642 [INFO ] 13 | Entry Type: Long | Entry Price: 68367.69 | Exit Price: 68710.0 | Entry Time: 2024-03-15 20:09:59.999000+02:00 | Exit Time: 2024-03-15 22:09:59.999000+02:00 | Profit/Loss (%): 0.37 | Volatility: 0.57
2024-04-28 20:51:38,643 [INFO ] 14 | Entry Type: Short | Entry Price: 67767.63 | Exit Price: 69192.37 | Entry Time: 2024-03-15 22:09:59.999000+02:00 | Exit Time: 2024-03-16 00:59:59.999000+02:00 | Profit/Loss (%): -0.45 | Volatility: 2.62
2024-04-28 20:51:38,644 [INFO ] 15 | Entry Type: Long | Entry Price: 69104.3 | Exit Price: 69454.38 | Entry Time: 2024-03-16 00:59:59.999000+02:00 | Exit Time: 2024-03-16 03:34:59.999000+02:00 | Profit/Loss (%): 0.65 | Volatility: 0.95
2024-04-28 20:51:38,646 [INFO ] 16 | Entry Type: Short | Entry Price: 69241.1 | Exit Price: 69340.0 | Entry Time: 2024-03-16 03:34:59.999000+02:00 | Exit Time: 2024-03-16 09:09:59.999000+02:00 | Profit/Loss (%): 0.3 | Volatility: 1.07
2024-04-28 20:51:38,647 [INFO ] 17 | Entry Type: Long | Entry Price: 69267.33 | Exit Price: 69151.26 | Entry Time: 2024-03-16 09:09:59.999000+02:00 | Exit Time: 2024-03-16 10:54:59.999000+02:00 | Profit/Loss (%): -0.01 | Volatility: 0.07
2024-04-28 20:51:38,648 [INFO ] 18 | Entry Type: Short | Entry Price: 69069.36 | Exit Price: 68229.88 | Entry Time: 2024-03-16 10:54:59.999000+02:00 | Exit Time: 2024-03-16 16:59:59.999000+02:00 | Profit/Loss (%): 1.7 | Volatility: 1.02
2024-04-28 20:51:38,649 [INFO ] 19 | Entry Type: Long | Entry Price: 68194.2 | Exit Price: 68040.01 | Entry Time: 2024-03-16 16:59:59.999000+02:00 | Exit Time: 2024-03-16 19:29:59.999000+02:00 | Profit/Loss (%): 0.1 | Volatility: 0.28
2024-04-28 20:51:38,650 [INFO ] 20 | Entry Type: Short | Entry Price: 67810.0 | Exit Price: 66461.1 | Entry Time: 2024-03-16 19:29:59.999000+02:00 | Exit Time: 2024-03-17 04:29:59.999000+02:00 | Profit/Loss (%): 2.65 | Volatility: 2.48
2024-04-28 20:51:38,651 [INFO ] 21 | Entry Type: Long | Entry Price: 66422.9 | Exit Price: 66347.37 | Entry Time: 2024-03-17 04:29:59.999000+02:00 | Exit Time: 2024-03-17 07:39:59.999000+02:00 | Profit/Loss (%): 0.12 | Volatility: 0.23
2024-04-28 20:51:38,652 [INFO ] 22 | Entry Type: Short | Entry Price: 66095.13 | Exit Price: 66059.0 | Entry Time: 2024-03-17 07:39:59.999000+02:00 | Exit Time: 2024-03-17 10:34:59.999000+02:00 | Profit/Loss (%): 0.79 | Volatility: 2.31
2024-04-28 20:51:38,653 [INFO ] 23 | Entry Type: Long | Entry Price: 66047.73 | Exit Price: 67087.44 | Entry Time: 2024-03-17 10:34:59.999000+02:00 | Exit Time: 2024-03-17 13:49:59.999000+02:00 | Profit/Loss (%): 1.96 | Volatility: 2.08
2024-04-28 20:51:38,654 [INFO ] 24 | Entry Type: Short | Entry Price: 66999.66 | Exit Price: 67404.53 | Entry Time: 2024-03-17 13:49:59.999000+02:00 | Exit Time: 2024-03-17 14:09:59.999000+02:00 | Profit/Loss (%): -0.1 | Volatility: 0.73
2024-04-28 20:51:38,654 [INFO ] 25 | Entry Type: Long | Entry Price: 67292.24 | Exit Price: 67050.0 | Entry Time: 2024-03-17 14:09:59.999000+02:00 | Exit Time: 2024-03-17 14:24:59.999000+02:00 | Profit/Loss (%): -0.18 | Volatility: 0.05
2024-04-28 20:51:38,655 [INFO ] 26 | Entry Type: Short | Entry Price: 66960.01 | Exit Price: 67400.0 | Entry Time: 2024-03-17 14:24:59.999000+02:00 | Exit Time: 2024-03-17 16:44:59.999000+02:00 | Profit/Loss (%): -0.52 | Volatility: 1.44
2024-04-28 20:51:38,656 [INFO ] 27 | Entry Type: Long | Entry Price: 67381.1 | Exit Price: 68205.41 | Entry Time: 2024-03-17 16:44:59.999000+02:00 | Exit Time: 2024-03-17 20:54:59.999000+02:00 | Profit/Loss (%): 1.18 | Volatility: 1.48
2024-04-28 20:51:38,657 [INFO ] 28 | Entry Type: Short | Entry Price: 68147.99 | Exit Price: 68593.43 | Entry Time: 2024-03-17 20:54:59.999000+02:00 | Exit Time: 2024-03-17 22:04:59.999000+02:00 | Profit/Loss (%): -0.54 | Volatility: 0.83
2024-04-28 20:51:38,658 [INFO ] 29 | Entry Type: Long | Entry Price: 68587.33 | Exit Price: 68305.95 | Entry Time: 2024-03-17 22:04:59.999000+02:00 | Exit Time: 2024-03-17 22:59:59.999000+02:00 | Profit/Loss (%): -0.37 | Volatility: 0.04
2024-04-28 20:51:38,659 [INFO ] 30 | Entry Type: Short | Entry Price: 68269.06 | Exit Price: 68480.25 | Entry Time: 2024-03-17 22:59:59.999000+02:00 | Exit Time: 2024-03-18 00:09:59.999000+02:00 | Profit/Loss (%): -0.04 | Volatility: 0.77
2024-04-28 20:51:38,660 [INFO ] 31 | Entry Type: Long | Entry Price: 68480.0 | Exit Price: 68335.44 | Entry Time: 2024-03-18 00:09:59.999000+02:00 | Exit Time: 2024-03-18 01:09:59.999000+02:00 | Profit/Loss (%): 0.02 | Volatility: 0.29
2024-04-28 20:51:38,661 [INFO ] 32 | Entry Type: Short | Entry Price: 68221.0 | Exit Price: 68023.99 | Entry Time: 2024-03-18 01:09:59.999000+02:00 | Exit Time: 2024-03-18 05:04:59.999000+02:00 | Profit/Loss (%): 0.82 | Volatility: 1.79
2024-04-28 20:51:38,662 [INFO ] 33 | Entry Type: Long | Entry Price: 68013.06 | Exit Price: 68266.62 | Entry Time: 2024-03-18 05:04:59.999000+02:00 | Exit Time: 2024-03-18 09:24:59.999000+02:00 | Profit/Loss (%): 0.72 | Volatility: 0.83
2024-04-28 20:51:38,663 [INFO ] 34 | Entry Type: Short | Entry Price: 68243.65 | Exit Price: 68333.9 | Entry Time: 2024-03-18 09:24:59.999000+02:00 | Exit Time: 2024-03-18 13:24:59.999000+02:00 | Profit/Loss (%): 0.05 | Volatility: 1.52
2024-04-28 20:51:38,664 [INFO ] 35 | Entry Type: Long | Entry Price: 68309.69 | Exit Price: 68204.0 | Entry Time: 2024-03-18 13:24:59.999000+02:00 | Exit Time: 2024-03-18 15:24:59.999000+02:00 | Profit/Loss (%): -0.03 | Volatility: 0.26
2024-04-28 20:51:38,665 [INFO ] 36 | Entry Type: Short | Entry Price: 67929.86 | Exit Price: 67591.56 | Entry Time: 2024-03-18 15:24:59.999000+02:00 | Exit Time: 2024-03-18 18:14:59.999000+02:00 | Profit/Loss (%): 1.02 | Volatility: 1.42
2024-04-28 20:51:38,666 [INFO ] 37 | Entry Type: Long | Entry Price: 67591.55 | Exit Price: 66843.99 | Entry Time: 2024-03-18 18:14:59.999000+02:00 | Exit Time: 2024-03-18 19:09:59.999000+02:00 | Profit/Loss (%): -0.98 | Volatility: 0.13
2024-04-28 20:51:38,667 [INFO ] 38 | Entry Type: Short | Entry Price: 66732.35 | Exit Price: 67638.11 | Entry Time: 2024-03-18 19:09:59.999000+02:00 | Exit Time: 2024-03-18 23:09:59.999000+02:00 | Profit/Loss (%): -1.08 | Volatility: 1.61
2024-04-28 20:51:38,668 [INFO ] 39 | Entry Type: Long | Entry Price: 67538.57 | Exit Price: 67544.0 | Entry Time: 2024-03-18 23:09:59.999000+02:00 | Exit Time: 2024-03-19 02:44:59.999000+02:00 | Profit/Loss (%): -0.05 | Volatility: 0.37
2024-04-28 20:51:38,669 [INFO ] 40 | Entry Type: Short | Entry Price: 67429.99 | Exit Price: 63445.1 | Entry Time: 2024-03-19 02:44:59.999000+02:00 | Exit Time: 2024-03-19 14:04:59.999000+02:00 | Profit/Loss (%): 6.58 | Volatility: 1.39
2024-04-28 20:51:38,670 [INFO ] 41 | Entry Type: Long | Entry Price: 63115.72 | Exit Price: 62999.45 | Entry Time: 2024-03-19 14:04:59.999000+02:00 | Exit Time: 2024-03-19 16:19:59.999000+02:00 | Profit/Loss (%): -0.42 | Volatility: 0.47
2024-04-28 20:51:38,670 [INFO ] 42 | Entry Type: Short | Entry Price: 62680.01 | Exit Price: 64000.0 | Entry Time: 2024-03-19 16:19:59.999000+02:00 | Exit Time: 2024-03-19 17:44:59.999000+02:00 | Profit/Loss (%): -1.52 | Volatility: 2.54
2024-04-28 20:51:38,671 [INFO ] 43 | Entry Type: Long | Entry Price: 63940.37 | Exit Price: 64500.12 | Entry Time: 2024-03-19 17:44:59.999000+02:00 | Exit Time: 2024-03-19 22:04:59.999000+02:00 | Profit/Loss (%): 0.97 | Volatility: 1.24
2024-04-28 20:51:38,672 [INFO ] 44 | Entry Type: Short | Entry Price: 63960.38 | Exit Price: 63386.14 | Entry Time: 2024-03-19 22:04:59.999000+02:00 | Exit Time: 2024-03-20 02:59:59.999000+02:00 | Profit/Loss (%): 2.27 | Volatility: 2.86
2024-04-28 20:51:38,673 [INFO ] 45 | Entry Type: Long | Entry Price: 63230.02 | Exit Price: 62308.3 | Entry Time: 2024-03-20 02:59:59.999000+02:00 | Exit Time: 2024-03-20 03:24:59.999000+02:00 | Profit/Loss (%): -0.99 | Volatility: 0.14
2024-04-28 20:51:38,674 [INFO ] 46 | Entry Type: Short | Entry Price: 62025.4 | Exit Price: 62658.59 | Entry Time: 2024-03-20 03:24:59.999000+02:00 | Exit Time: 2024-03-20 04:09:59.999000+02:00 | Profit/Loss (%): -0.35 | Volatility: 1.25
2024-04-28 20:51:38,675 [INFO ] 47 | Entry Type: Long | Entry Price: 62615.05 | Exit Price: 62850.0 | Entry Time: 2024-03-20 04:09:59.999000+02:00 | Exit Time: 2024-03-20 05:49:59.999000+02:00 | Profit/Loss (%): 0.24 | Volatility: 0.62
2024-04-28 20:51:38,676 [INFO ] 48 | Entry Type: Short | Entry Price: 62390.01 | Exit Price: 61998.99 | Entry Time: 2024-03-20 05:49:59.999000+02:00 | Exit Time: 2024-03-20 08:29:59.999000+02:00 | Profit/Loss (%): 1.39 | Volatility: 1.96
2024-04-28 20:51:38,677 [INFO ] 49 | Entry Type: Long | Entry Price: 61987.09 | Exit Price: 64150.0 | Entry Time: 2024-03-20 08:29:59.999000+02:00 | Exit Time: 2024-03-20 17:29:59.999000+02:00 | Profit/Loss (%): 3.61 | Volatility: 3.99
2024-04-28 20:51:38,678 [INFO ] 50 | Entry Type: Short | Entry Price: 63934.38 | Exit Price: 64776.72 | Entry Time: 2024-03-20 17:29:59.999000+02:00 | Exit Time: 2024-03-20 19:19:59.999000+02:00 | Profit/Loss (%): 0.6 | Volatility: 4.31
2024-04-28 20:51:38,679 [INFO ] 51 | Entry Type: Long | Entry Price: 64508.35 | Exit Price: 67574.51 | Entry Time: 2024-03-20 19:19:59.999000+02:00 | Exit Time: 2024-03-21 00:49:59.999000+02:00 | Profit/Loss (%): 6.11 | Volatility: 6.1
2024-04-28 20:51:38,680 [INFO ] 52 | Entry Type: Short | Entry Price: 67422.2 | Exit Price: 67932.6 | Entry Time: 2024-03-21 00:49:59.999000+02:00 | Exit Time: 2024-03-21 04:24:59.999000+02:00 | Profit/Loss (%): -0.48 | Volatility: 0.86
2024-04-28 20:51:38,681 [INFO ] 53 | Entry Type: Long | Entry Price: 67815.99 | Exit Price: 67730.01 | Entry Time: 2024-03-21 04:24:59.999000+02:00 | Exit Time: 2024-03-21 04:54:59.999000+02:00 | Profit/Loss (%): -0.21 | Volatility: 0.04
2024-04-28 20:51:38,682 [INFO ] 54 | Entry Type: Short | Entry Price: 67640.37 | Exit Price: 67241.1 | Entry Time: 2024-03-21 04:54:59.999000+02:00 | Exit Time: 2024-03-21 08:04:59.999000+02:00 | Profit/Loss (%): 1.06 | Volatility: 1.73
2024-04-28 20:51:38,683 [INFO ] 55 | Entry Type: Long | Entry Price: 67228.01 | Exit Price: 67119.67 | Entry Time: 2024-03-21 08:04:59.999000+02:00 | Exit Time: 2024-03-21 11:19:59.999000+02:00 | Profit/Loss (%): 0.14 | Volatility: 0.31
2024-04-28 20:51:38,684 [INFO ] 56 | Entry Type: Short | Entry Price: 67057.17 | Exit Price: 67229.62 | Entry Time: 2024-03-21 11:19:59.999000+02:00 | Exit Time: 2024-03-21 13:39:59.999000+02:00 | Profit/Loss (%): 0.11 | Volatility: 0.86
2024-04-28 20:51:38,685 [INFO ] 57 | Entry Type: Long | Entry Price: 67077.55 | Exit Price: 67110.49 | Entry Time: 2024-03-21 13:39:59.999000+02:00 | Exit Time: 2024-03-21 15:49:59.999000+02:00 | Profit/Loss (%): 0.01 | Volatility: 0.16
2024-04-28 20:51:38,685 [INFO ] 58 | Entry Type: Short | Entry Price: 66818.68 | Exit Price: 67000.0 | Entry Time: 2024-03-21 15:49:59.999000+02:00 | Exit Time: 2024-03-21 19:09:59.999000+02:00 | Profit/Loss (%): 0.5 | Volatility: 1.67
2024-04-28 20:51:38,686 [INFO ] 59 | Entry Type: Long | Entry Price: 66866.01 | Exit Price: 66200.0 | Entry Time: 2024-03-21 19:09:59.999000+02:00 | Exit Time: 2024-03-21 19:44:59.999000+02:00 | Profit/Loss (%): -0.75 | Volatility: 0.23
2024-04-28 20:51:38,687 [INFO ] 60 | Entry Type: Short | Entry Price: 66008.01 | Exit Price: 65560.0 | Entry Time: 2024-03-21 19:44:59.999000+02:00 | Exit Time: 2024-03-22 01:49:59.999000+02:00 | Profit/Loss (%): 1.16 | Volatility: 1.56
2024-04-28 20:51:38,688 [INFO ] 61 | Entry Type: Long | Entry Price: 65560.0 | Exit Price: 65576.13 | Entry Time: 2024-03-22 01:49:59.999000+02:00 | Exit Time: 2024-03-22 03:59:59.999000+02:00 | Profit/Loss (%): 0.16 | Volatility: 0.33
2024-04-28 20:51:38,689 [INFO ] 62 | Entry Type: Short | Entry Price: 65243.99 | Exit Price: 65999.99 | Entry Time: 2024-03-22 03:59:59.999000+02:00 | Exit Time: 2024-03-22 05:24:59.999000+02:00 | Profit/Loss (%): -0.52 | Volatility: 1.35
2024-04-28 20:51:38,689 [INFO ] 63 | Entry Type: Long | Entry Price: 65929.62 | Exit Price: 66240.0 | Entry Time: 2024-03-22 05:24:59.999000+02:00 | Exit Time: 2024-03-22 09:24:59.999000+02:00 | Profit/Loss (%): 0.53 | Volatility: 0.73
2024-04-28 20:51:38,690 [INFO ] 64 | Entry Type: Short | Entry Price: 66163.59 | Exit Price: 64096.35 | Entry Time: 2024-03-22 09:24:59.999000+02:00 | Exit Time: 2024-03-22 17:29:59.999000+02:00 | Profit/Loss (%): 4.06 | Volatility: 2.26
2024-04-28 20:51:38,691 [INFO ] 65 | Entry Type: Long | Entry Price: 64087.28 | Exit Price: 63770.01 | Entry Time: 2024-03-22 17:29:59.999000+02:00 | Exit Time: 2024-03-22 21:14:59.999000+02:00 | Profit/Loss (%): 0.36 | Volatility: 1.57
2024-04-28 20:51:38,692 [INFO ] 66 | Entry Type: Short | Entry Price: 63529.23 | Exit Price: 63884.66 | Entry Time: 2024-03-22 21:14:59.999000+02:00 | Exit Time: 2024-03-22 21:39:59.999000+02:00 | Profit/Loss (%): 0.05 | Volatility: 0.7
2024-04-28 20:51:38,693 [INFO ] 67 | Entry Type: Long | Entry Price: 63869.0 | Exit Price: 63517.15 | Entry Time: 2024-03-22 21:39:59.999000+02:00 | Exit Time: 2024-03-22 23:04:59.999000+02:00 | Profit/Loss (%): -0.37 | Volatility: 0.25
2024-04-28 20:51:38,694 [INFO ] 68 | Entry Type: Short | Entry Price: 63366.18 | Exit Price: 63451.17 | Entry Time: 2024-03-22 23:04:59.999000+02:00 | Exit Time: 2024-03-23 01:24:59.999000+02:00 | Profit/Loss (%): 0.34 | Volatility: 1.88
2024-04-28 20:51:38,695 [INFO ] 69 | Entry Type: Long | Entry Price: 63446.0 | Exit Price: 63866.0 | Entry Time: 2024-03-23 01:24:59.999000+02:00 | Exit Time: 2024-03-23 05:04:59.999000+02:00 | Profit/Loss (%): 0.91 | Volatility: 0.98
2024-04-28 20:51:38,696 [INFO ] 70 | Entry Type: Short | Entry Price: 63647.98 | Exit Price: 64084.01 | Entry Time: 2024-03-23 05:04:59.999000+02:00 | Exit Time: 2024-03-23 07:59:59.999000+02:00 | Profit/Loss (%): -0.35 | Volatility: 1.7
2024-04-28 20:51:38,697 [INFO ] 71 | Entry Type: Long | Entry Price: 64075.12 | Exit Price: 64436.56 | Entry Time: 2024-03-23 07:59:59.999000+02:00 | Exit Time: 2024-03-23 11:14:59.999000+02:00 | Profit/Loss (%): 0.53 | Volatility: 0.71
2024-04-28 20:51:38,698 [INFO ] 72 | Entry Type: Short | Entry Price: 64200.0 | Exit Price: 64750.0 | Entry Time: 2024-03-23 11:14:59.999000+02:00 | Exit Time: 2024-03-23 14:09:59.999000+02:00 | Profit/Loss (%): -0.31 | Volatility: 0.88
2024-04-28 20:51:38,699 [INFO ] 73 | Entry Type: Long | Entry Price: 64726.71 | Exit Price: 64535.1 | Entry Time: 2024-03-23 14:09:59.999000+02:00 | Exit Time: 2024-03-23 15:44:59.999000+02:00 | Profit/Loss (%): -0.15 | Volatility: 0.18
2024-04-28 20:51:38,700 [INFO ] 74 | Entry Type: Short | Entry Price: 64347.04 | Exit Price: 64663.72 | Entry Time: 2024-03-23 15:44:59.999000+02:00 | Exit Time: 2024-03-23 16:24:59.999000+02:00 | Profit/Loss (%): -0.08 | Volatility: 0.6
2024-04-28 20:51:38,701 [INFO ] 75 | Entry Type: Long | Entry Price: 64608.79 | Exit Price: 64872.01 | Entry Time: 2024-03-23 16:24:59.999000+02:00 | Exit Time: 2024-03-23 17:24:59.999000+02:00 | Profit/Loss (%): 0.45 | Volatility: 0.45
2024-04-28 20:51:38,702 [INFO ] 76 | Entry Type: Short | Entry Price: 64741.99 | Exit Price: 65500.0 | Entry Time: 2024-03-23 17:24:59.999000+02:00 | Exit Time: 2024-03-23 18:34:59.999000+02:00 | Profit/Loss (%): -0.59 | Volatility: 1.18
2024-04-28 20:51:38,703 [INFO ] 77 | Entry Type: Long | Entry Price: 65482.4 | Exit Price: 65480.0 | Entry Time: 2024-03-23 18:34:59.999000+02:00 | Exit Time: 2024-03-23 20:54:59.999000+02:00 | Profit/Loss (%): 0.25 | Volatility: 0.34
2024-04-28 20:51:38,704 [INFO ] 78 | Entry Type: Short | Entry Price: 65380.0 | Exit Price: 65037.06 | Entry Time: 2024-03-23 20:54:59.999000+02:00 | Exit Time: 2024-03-24 00:34:59.999000+02:00 | Profit/Loss (%): 0.7 | Volatility: 0.56
2024-04-28 20:51:38,705 [INFO ] 79 | Entry Type: Long | Entry Price: 65014.0 | Exit Price: 64810.0 | Entry Time: 2024-03-24 00:34:59.999000+02:00 | Exit Time: 2024-03-24 01:09:59.999000+02:00 | Profit/Loss (%): -0.3 | Volatility: 0.19
2024-04-28 20:51:38,706 [INFO ] 80 | Entry Type: Short | Entry Price: 64632.0 | Exit Price: 64379.62 | Entry Time: 2024-03-24 01:09:59.999000+02:00 | Exit Time: 2024-03-24 07:34:59.999000+02:00 | Profit/Loss (%): 0.74 | Volatility: 0.94
2024-04-28 20:51:38,707 [INFO ] 81 | Entry Type: Long | Entry Price: 64323.52 | Exit Price: 64142.0 | Entry Time: 2024-03-24 07:34:59.999000+02:00 | Exit Time: 2024-03-24 09:19:59.999000+02:00 | Profit/Loss (%): -0.23 | Volatility: 0.09
2024-04-28 20:51:38,708 [INFO ] 82 | Entry Type: Short | Entry Price: 64092.0 | Exit Price: 64583.44 | Entry Time: 2024-03-24 09:19:59.999000+02:00 | Exit Time: 2024-03-24 09:59:59.999000+02:00 | Profit/Loss (%): -0.28 | Volatility: 0.87
2024-04-28 20:51:38,709 [INFO ] 83 | Entry Type: Long | Entry Price: 64583.43 | Exit Price: 65042.01 | Entry Time: 2024-03-24 09:59:59.999000+02:00 | Exit Time: 2024-03-24 13:09:59.999000+02:00 | Profit/Loss (%): 1.12 | Volatility: 1.12
2024-04-28 20:51:38,710 [INFO ] 84 | Entry Type: Short | Entry Price: 64965.57 | Exit Price: 65349.56 | Entry Time: 2024-03-24 13:09:59.999000+02:00 | Exit Time: 2024-03-24 13:59:59.999000+02:00 | Profit/Loss (%): -0.35 | Volatility: 0.6
2024-04-28 20:51:38,712 [INFO ] 85 | Entry Type: Long | Entry Price: 65334.01 | Exit Price: 65608.0 | Entry Time: 2024-03-24 13:59:59.999000+02:00 | Exit Time: 2024-03-24 17:14:59.999000+02:00 | Profit/Loss (%): 0.46 | Volatility: 0.66
2024-04-28 20:51:38,713 [INFO ] 86 | Entry Type: Short | Entry Price: 65511.81 | Exit Price: 65770.0 | Entry Time: 2024-03-24 17:14:59.999000+02:00 | Exit Time: 2024-03-24 20:29:59.999000+02:00 | Profit/Loss (%): 0.0 | Volatility: 1.79
2024-04-28 20:51:38,714 [INFO ] 87 | Entry Type: Long | Entry Price: 65689.99 | Exit Price: 66950.01 | Entry Time: 2024-03-24 20:29:59.999000+02:00 | Exit Time: 2024-03-25 02:09:59.999000+02:00 | Profit/Loss (%): 2.11 | Volatility: 2.12
2024-04-28 20:51:38,715 [INFO ] 88 | Entry Type: Short | Entry Price: 66848.0 | Exit Price: 66839.8 | Entry Time: 2024-03-25 02:09:59.999000+02:00 | Exit Time: 2024-03-25 05:19:59.999000+02:00 | Profit/Loss (%): 0.23 | Volatility: 0.68
2024-04-28 20:51:38,716 [INFO ] 89 | Entry Type: Long | Entry Price: 66828.0 | Exit Price: 67279.61 | Entry Time: 2024-03-25 05:19:59.999000+02:00 | Exit Time: 2024-03-25 08:14:59.999000+02:00 | Profit/Loss (%): 0.64 | Volatility: 0.79
2024-04-28 20:51:38,717 [INFO ] 90 | Entry Type: Short | Entry Price: 67174.97 | Exit Price: 67100.0 | Entry Time: 2024-03-25 08:14:59.999000+02:00 | Exit Time: 2024-03-25 11:59:59.999000+02:00 | Profit/Loss (%): 0.47 | Volatility: 0.58
2024-04-28 20:51:38,719 [INFO ] 91 | Entry Type: Long | Entry Price: 67055.96 | Exit Price: 66900.0 | Entry Time: 2024-03-25 11:59:59.999000+02:00 | Exit Time: 2024-03-25 13:19:59.999000+02:00 | Profit/Loss (%): -0.07 | Volatility: 0.15
2024-04-28 20:51:38,720 [INFO ] 92 | Entry Type: Short | Entry Price: 66797.2 | Exit Price: 67190.0 | Entry Time: 2024-03-25 13:19:59.999000+02:00 | Exit Time: 2024-03-25 14:19:59.999000+02:00 | Profit/Loss (%): -0.25 | Volatility: 0.64
2024-04-28 20:51:38,721 [INFO ] 93 | Entry Type: Long | Entry Price: 67068.17 | Exit Price: 66980.0 | Entry Time: 2024-03-25 14:19:59.999000+02:00 | Exit Time: 2024-03-25 15:19:59.999000+02:00 | Profit/Loss (%): -0.11 | Volatility: 0.08
2024-04-28 20:51:38,721 [INFO ] 94 | Entry Type: Short | Entry Price: 66920.0 | Exit Price: 67215.0 | Entry Time: 2024-03-25 15:19:59.999000+02:00 | Exit Time: 2024-03-25 15:44:59.999000+02:00 | Profit/Loss (%): -0.3 | Volatility: 0.55
2024-04-28 20:51:38,723 [INFO ] 95 | Entry Type: Long | Entry Price: 67185.01 | Exit Price: 70778.0 | Entry Time: 2024-03-25 15:44:59.999000+02:00 | Exit Time: 2024-03-25 23:09:59.999000+02:00 | Profit/Loss (%): 5.35 | Volatility: 5.5
2024-04-28 20:51:38,724 [INFO ] 96 | Entry Type: Short | Entry Price: 70619.87 | Exit Price: 70281.1 | Entry Time: 2024-03-25 23:09:59.999000+02:00 | Exit Time: 2024-03-26 04:24:59.999000+02:00 | Profit/Loss (%): 0.8 | Volatility: 1.02
2024-04-28 20:51:38,724 [INFO ] 97 | Entry Type: Long | Entry Price: 70230.01 | Exit Price: 70541.1 | Entry Time: 2024-03-26 04:24:59.999000+02:00 | Exit Time: 2024-03-26 07:09:59.999000+02:00 | Profit/Loss (%): 0.47 | Volatility: 0.52
2024-04-28 20:51:38,725 [INFO ] 98 | Entry Type: Short | Entry Price: 70481.97 | Exit Price: 70897.47 | Entry Time: 2024-03-26 07:09:59.999000+02:00 | Exit Time: 2024-03-26 09:04:59.999000+02:00 | Profit/Loss (%): -0.13 | Volatility: 0.9
2024-04-28 20:51:38,726 [INFO ] 99 | Entry Type: Long | Entry Price: 70783.21 | Exit Price: 71020.0 | Entry Time: 2024-03-26 09:04:59.999000+02:00 | Exit Time: 2024-03-26 12:54:59.999000+02:00 | Profit/Loss (%): 0.55 | Volatility: 1.06
2024-04-28 20:51:38,727 [INFO ] 100 | Entry Type: Short | Entry Price: 70943.73 | Exit Price: 70280.0 | Entry Time: 2024-03-26 12:54:59.999000+02:00 | Exit Time: 2024-03-27 00:59:59.999000+02:00 | Profit/Loss (%): 1.19 | Volatility: 1.41
2024-04-28 20:51:38,729 [INFO ] 101 | Entry Type: Long | Entry Price: 70249.22 | Exit Price: 70024.67 | Entry Time: 2024-03-27 00:59:59.999000+02:00 | Exit Time: 2024-03-27 02:09:59.999000+02:00 | Profit/Loss (%): -0.22 | Volatility: 0.11
2024-04-28 20:51:38,730 [INFO ] 102 | Entry Type: Short | Entry Price: 69936.02 | Exit Price: 70256.41 | Entry Time: 2024-03-27 02:09:59.999000+02:00 | Exit Time: 2024-03-27 02:34:59.999000+02:00 | Profit/Loss (%): -0.16 | Volatility: 0.6
2024-04-28 20:51:38,731 [INFO ] 103 | Entry Type: Long | Entry Price: 70243.85 | Exit Price: 70425.99 | Entry Time: 2024-03-27 02:34:59.999000+02:00 | Exit Time: 2024-03-27 05:44:59.999000+02:00 | Profit/Loss (%): 0.44 | Volatility: 0.54
2024-04-28 20:51:38,732 [INFO ] 104 | Entry Type: Short | Entry Price: 70366.44 | Exit Price: 70433.16 | Entry Time: 2024-03-27 05:44:59.999000+02:00 | Exit Time: 2024-03-27 07:24:59.999000+02:00 | Profit/Loss (%): 0.06 | Volatility: 0.57
2024-04-28 20:51:38,733 [INFO ] 105 | Entry Type: Long | Entry Price: 70427.32 | Exit Price: 70375.33 | Entry Time: 2024-03-27 07:24:59.999000+02:00 | Exit Time: 2024-03-27 08:34:59.999000+02:00 | Profit/Loss (%): -0.05 | Volatility: 0.09
2024-04-28 20:51:38,734 [INFO ] 106 | Entry Type: Short | Entry Price: 70292.0 | Exit Price: 70000.0 | Entry Time: 2024-03-27 08:34:59.999000+02:00 | Exit Time: 2024-03-27 11:49:59.999000+02:00 | Profit/Loss (%): 0.68 | Volatility: 0.84
2024-04-28 20:51:38,736 [INFO ] 107 | Entry Type: Long | Entry Price: 69967.97 | Exit Price: 70672.93 | Entry Time: 2024-03-27 11:49:59.999000+02:00 | Exit Time: 2024-03-27 15:54:59.999000+02:00 | Profit/Loss (%): 0.57 | Volatility: 1.47
2024-04-28 20:51:38,737 [INFO ] 108 | Entry Type: Short | Entry Price: 70023.99 | Exit Price: 68985.97 | Entry Time: 2024-03-27 15:54:59.999000+02:00 | Exit Time: 2024-03-27 22:14:59.999000+02:00 | Profit/Loss (%): 1.93 | Volatility: 0.9
2024-04-28 20:51:38,739 [INFO ] 109 | Entry Type: Long | Entry Price: 68959.11 | Exit Price: 69485.3 | Entry Time: 2024-03-27 22:14:59.999000+02:00 | Exit Time: 2024-03-28 03:54:59.999000+02:00 | Profit/Loss (%): 0.81 | Volatility: 0.95
2024-04-28 20:51:38,740 [INFO ] 110 | Entry Type: Short | Entry Price: 69413.99 | Exit Price: 69605.26 | Entry Time: 2024-03-28 03:54:59.999000+02:00 | Exit Time: 2024-03-28 06:19:59.999000+02:00 | Profit/Loss (%): -0.09 | Volatility: 1.01
2024-04-28 20:51:38,742 [INFO ] 111 | Entry Type: Long | Entry Price: 69561.88 | Exit Price: 70573.55 | Entry Time: 2024-03-28 06:19:59.999000+02:00 | Exit Time: 2024-03-28 12:19:59.999000+02:00 | Profit/Loss (%): 1.48 | Volatility: 1.58
2024-04-28 20:51:38,743 [INFO ] 112 | Entry Type: Short | Entry Price: 70490.0 | Exit Price: 70848.8 | Entry Time: 2024-03-28 12:19:59.999000+02:00 | Exit Time: 2024-03-28 12:59:59.999000+02:00 | Profit/Loss (%): -0.11 | Volatility: 0.73
2024-04-28 20:51:38,745 [INFO ] 113 | Entry Type: Long | Entry Price: 70800.0 | Exit Price: 70662.01 | Entry Time: 2024-03-28 12:59:59.999000+02:00 | Exit Time: 2024-03-28 13:44:59.999000+02:00 | Profit/Loss (%): 0.03 | Volatility: 0.06
2024-04-28 20:51:38,746 [INFO ] 114 | Entry Type: Short | Entry Price: 70565.2 | Exit Price: 70832.11 | Entry Time: 2024-03-28 13:44:59.999000+02:00 | Exit Time: 2024-03-28 15:24:59.999000+02:00 | Profit/Loss (%): 0.01 | Volatility: 0.68
2024-04-28 20:51:38,747 [INFO ] 115 | Entry Type: Long | Entry Price: 70808.94 | Exit Price: 70910.0 | Entry Time: 2024-03-28 15:24:59.999000+02:00 | Exit Time: 2024-03-28 18:19:59.999000+02:00 | Profit/Loss (%): 0.2 | Volatility: 0.4
2024-04-28 20:51:38,749 [INFO ] 116 | Entry Type: Short | Entry Price: 70634.78 | Exit Price: 70888.19 | Entry Time: 2024-03-28 18:19:59.999000+02:00 | Exit Time: 2024-03-28 21:44:59.999000+02:00 | Profit/Loss (%): -0.06 | Volatility: 0.69
2024-04-28 20:51:38,750 [INFO ] 117 | Entry Type: Long | Entry Price: 70867.99 | Exit Price: 70669.1 | Entry Time: 2024-03-28 21:44:59.999000+02:00 | Exit Time: 2024-03-28 22:29:59.999000+02:00 | Profit/Loss (%): -0.25 | Volatility: 0.07
2024-04-28 20:51:38,751 [INFO ] 118 | Entry Type: Short | Entry Price: 70621.11 | Exit Price: 70885.99 | Entry Time: 2024-03-28 22:29:59.999000+02:00 | Exit Time: 2024-03-28 23:19:59.999000+02:00 | Profit/Loss (%): -0.2 | Volatility: 0.38
2024-04-28 20:51:38,753 [INFO ] 119 | Entry Type: Long | Entry Price: 70885.99 | Exit Price: 70696.53 | Entry Time: 2024-03-28 23:19:59.999000+02:00 | Exit Time: 2024-03-29 00:09:59.999000+02:00 | Profit/Loss (%): -0.2 | Volatility: 0.05
2024-04-28 20:51:38,755 [INFO ] 120 | Entry Type: Short | Entry Price: 70606.0 | Exit Price: 70865.63 | Entry Time: 2024-03-29 00:09:59.999000+02:00 | Exit Time: 2024-03-29 00:34:59.999000+02:00 | Profit/Loss (%): -0.19 | Volatility: 0.46
2024-04-28 20:51:38,756 [INFO ] 121 | Entry Type: Long | Entry Price: 70832.41 | Exit Price: 70784.6 | Entry Time: 2024-03-29 00:34:59.999000+02:00 | Exit Time: 2024-03-29 01:49:59.999000+02:00 | Profit/Loss (%): -0.1 | Volatility: 0.12
2024-04-28 20:51:38,757 [INFO ] 122 | Entry Type: Short | Entry Price: 70745.8 | Exit Price: 70880.07 | Entry Time: 2024-03-29 01:49:59.999000+02:00 | Exit Time: 2024-03-29 03:39:59.999000+02:00 | Profit/Loss (%): -0.14 | Volatility: 0.39
2024-04-28 20:51:38,760 [INFO ] 123 | Entry Type: Long | Entry Price: 70880.06 | Exit Price: 70785.38 | Entry Time: 2024-03-29 03:39:59.999000+02:00 | Exit Time: 2024-03-29 04:09:59.999000+02:00 | Profit/Loss (%): -0.06 | Volatility: 0.02
2024-04-28 20:51:38,762 [INFO ] 124 | Entry Type: Short | Entry Price: 70764.61 | Exit Price: 70439.99 | Entry Time: 2024-03-29 04:09:59.999000+02:00 | Exit Time: 2024-03-29 08:34:59.999000+02:00 | Profit/Loss (%): 0.64 | Volatility: 0.59
2024-04-28 20:51:38,764 [INFO ] 125 | Entry Type: Long | Entry Price: 70433.99 | Exit Price: 70101.1 | Entry Time: 2024-03-29 08:34:59.999000+02:00 | Exit Time: 2024-03-29 09:39:59.999000+02:00 | Profit/Loss (%): -0.38 | Volatility: 0.07
2024-04-28 20:51:38,765 [INFO ] 126 | Entry Type: Short | Entry Price: 69932.0 | Exit Price: 70021.11 | Entry Time: 2024-03-29 09:39:59.999000+02:00 | Exit Time: 2024-03-29 12:54:59.999000+02:00 | Profit/Loss (%): 0.19 | Volatility: 0.65
2024-04-28 20:51:38,766 [INFO ] 127 | Entry Type: Long | Entry Price: 70001.0 | Exit Price: 70348.0 | Entry Time: 2024-03-29 12:54:59.999000+02:00 | Exit Time: 2024-03-29 16:54:59.999000+02:00 | Profit/Loss (%): 0.6 | Volatility: 0.71
2024-04-28 20:51:38,768 [INFO ] 128 | Entry Type: Short | Entry Price: 70262.01 | Exit Price: 69476.16 | Entry Time: 2024-03-29 16:54:59.999000+02:00 | Exit Time: 2024-03-29 20:09:59.999000+02:00 | Profit/Loss (%): 1.36 | Volatility: 0.66
2024-04-28 20:51:38,769 [INFO ] 129 | Entry Type: Long | Entry Price: 69460.01 | Exit Price: 69550.01 | Entry Time: 2024-03-29 20:09:59.999000+02:00 | Exit Time: 2024-03-29 23:09:59.999000+02:00 | Profit/Loss (%): 0.23 | Volatility: 0.33
2024-04-28 20:51:38,770 [INFO ] 130 | Entry Type: Short | Entry Price: 69530.0 | Exit Price: 69654.0 | Entry Time: 2024-03-29 23:09:59.999000+02:00 | Exit Time: 2024-03-30 00:24:59.999000+02:00 | Profit/Loss (%): -0.08 | Volatility: 0.52
2024-04-28 20:51:38,771 [INFO ] 131 | Entry Type: Long | Entry Price: 69649.88 | Exit Price: 70010.0 | Entry Time: 2024-03-30 00:24:59.999000+02:00 | Exit Time: 2024-03-30 04:04:59.999000+02:00 | Profit/Loss (%): 0.53 | Volatility: 0.64
2024-04-28 20:51:38,773 [INFO ] 132 | Entry Type: Short | Entry Price: 69934.01 | Exit Price: 70313.06 | Entry Time: 2024-03-30 04:04:59.999000+02:00 | Exit Time: 2024-03-30 07:04:59.999000+02:00 | Profit/Loss (%): -0.13 | Volatility: 0.81
2024-04-28 20:51:38,774 [INFO ] 133 | Entry Type: Long | Entry Price: 70245.99 | Exit Price: 69996.26 | Entry Time: 2024-03-30 07:04:59.999000+02:00 | Exit Time: 2024-03-30 08:09:59.999000+02:00 | Profit/Loss (%): -0.19 | Volatility: 0.18
2024-04-28 20:51:38,775 [INFO ] 134 | Entry Type: Short | Entry Price: 69888.98 | Exit Price: 70018.18 | Entry Time: 2024-03-30 08:09:59.999000+02:00 | Exit Time: 2024-03-30 08:49:59.999000+02:00 | Profit/Loss (%): -0.04 | Volatility: 0.21
2024-04-28 20:51:38,777 [INFO ] 135 | Entry Type: Long | Entry Price: 70018.0 | Exit Price: 69992.28 | Entry Time: 2024-03-30 08:49:59.999000+02:00 | Exit Time: 2024-03-30 09:49:59.999000+02:00 | Profit/Loss (%): 0.0 | Volatility: 0.15
2024-04-28 20:51:38,778 [INFO ] 136 | Entry Type: Short | Entry Price: 69942.98 | Exit Price: 69993.71 | Entry Time: 2024-03-30 09:49:59.999000+02:00 | Exit Time: 2024-03-30 11:14:59.999000+02:00 | Profit/Loss (%): -0.01 | Volatility: 0.26
2024-04-28 20:51:38,779 [INFO ] 137 | Entry Type: Long | Entry Price: 69986.71 | Exit Price: 70123.99 | Entry Time: 2024-03-30 11:14:59.999000+02:00 | Exit Time: 2024-03-30 16:14:59.999000+02:00 | Profit/Loss (%): 0.22 | Volatility: 0.26
2024-04-28 20:51:38,780 [INFO ] 138 | Entry Type: Short | Entry Price: 70101.0 | Exit Price: 70280.06 | Entry Time: 2024-03-30 16:14:59.999000+02:00 | Exit Time: 2024-03-30 18:54:59.999000+02:00 | Profit/Loss (%): -0.09 | Volatility: 0.54
2024-04-28 20:51:38,782 [INFO ] 139 | Entry Type: Long | Entry Price: 70239.99 | Exit Price: 69960.0 | Entry Time: 2024-03-30 18:54:59.999000+02:00 | Exit Time: 2024-03-30 20:19:59.999000+02:00 | Profit/Loss (%): -0.36 | Volatility: 0.07
2024-04-28 20:51:38,783 [INFO ] 140 | Entry Type: Short | Entry Price: 69886.01 | Exit Price: 69722.96 | Entry Time: 2024-03-30 20:19:59.999000+02:00 | Exit Time: 2024-03-31 02:14:59.999000+02:00 | Profit/Loss (%): 0.35 | Volatility: 0.26
2024-04-28 20:51:38,784 [INFO ] 141 | Entry Type: Long | Entry Price: 69722.96 | Exit Price: 69959.85 | Entry Time: 2024-03-31 02:14:59.999000+02:00 | Exit Time: 2024-03-31 06:09:59.999000+03:00 | Profit/Loss (%): 0.39 | Volatility: 0.39
2024-04-28 20:51:38,786 [INFO ] 142 | Entry Type: Short | Entry Price: 69927.0 | Exit Price: 70100.0 | Entry Time: 2024-03-31 06:09:59.999000+03:00 | Exit Time: 2024-03-31 07:39:59.999000+03:00 | Profit/Loss (%): -0.12 | Volatility: 0.48
2024-04-28 20:51:38,787 [INFO ] 143 | Entry Type: Long | Entry Price: 70068.42 | Exit Price: 70286.0 | Entry Time: 2024-03-31 07:39:59.999000+03:00 | Exit Time: 2024-03-31 11:54:59.999000+03:00 | Profit/Loss (%): 0.34 | Volatility: 0.35
2024-04-28 20:51:38,789 [INFO ] 144 | Entry Type: Short | Entry Price: 70239.99 | Exit Price: 70340.0 | Entry Time: 2024-03-31 11:54:59.999000+03:00 | Exit Time: 2024-03-31 14:09:59.999000+03:00 | Profit/Loss (%): -0.06 | Volatility: 0.27
2024-04-28 20:51:38,790 [INFO ] 145 | Entry Type: Long | Entry Price: 70336.48 | Exit Price: 70535.48 | Entry Time: 2024-03-31 14:09:59.999000+03:00 | Exit Time: 2024-03-31 18:04:59.999000+03:00 | Profit/Loss (%): 0.3 | Volatility: 0.36
2024-04-28 20:51:38,791 [INFO ] 146 | Entry Type: Short | Entry Price: 70427.03 | Exit Price: 70666.0 | Entry Time: 2024-03-31 18:04:59.999000+03:00 | Exit Time: 2024-03-31 19:19:59.999000+03:00 | Profit/Loss (%): -0.04 | Volatility: 0.53
2024-04-28 20:51:38,793 [INFO ] 147 | Entry Type: Long | Entry Price: 70661.99 | Exit Price: 71016.27 | Entry Time: 2024-03-31 19:19:59.999000+03:00 | Exit Time: 2024-04-01 03:44:59.999000+03:00 | Profit/Loss (%): 0.64 | Volatility: 0.82
2024-04-28 20:51:38,794 [INFO ] 148 | Entry Type: Short | Entry Price: 70919.74 | Exit Price: 69577.14 | Entry Time: 2024-04-01 03:44:59.999000+03:00 | Exit Time: 2024-04-01 13:54:59.999000+03:00 | Profit/Loss (%): 2.07 | Volatility: 0.97
2024-04-28 20:51:38,795 [INFO ] 149 | Entry Type: Long | Entry Price: 69577.13 | Exit Price: 69688.03 | Entry Time: 2024-04-01 13:54:59.999000+03:00 | Exit Time: 2024-04-01 17:24:59.999000+03:00 | Profit/Loss (%): 0.2 | Volatility: 0.41
2024-04-28 20:51:38,797 [INFO ] 150 | Entry Type: Short | Entry Price: 69559.99 | Exit Price: 68978.55 | Entry Time: 2024-04-01 17:24:59.999000+03:00 | Exit Time: 2024-04-01 21:54:59.999000+03:00 | Profit/Loss (%): 1.2 | Volatility: 1.32
2024-04-28 20:51:38,798 [INFO ] 151 | Entry Type: Long | Entry Price: 68937.92 | Exit Price: 69710.0 | Entry Time: 2024-04-01 21:54:59.999000+03:00 | Exit Time: 2024-04-02 01:24:59.999000+03:00 | Profit/Loss (%): 1.23 | Volatility: 1.24
2024-04-28 20:51:38,799 [INFO ] 152 | Entry Type: Short | Entry Price: 69618.0 | Exit Price: 66736.0 | Entry Time: 2024-04-02 01:24:59.999000+03:00 | Exit Time: 2024-04-02 08:54:59.999000+03:00 | Profit/Loss (%): 4.42 | Volatility: 1.06
2024-04-28 20:51:38,800 [INFO ] 153 | Entry Type: Long | Entry Price: 66733.35 | Exit Price: 66568.0 | Entry Time: 2024-04-02 08:54:59.999000+03:00 | Exit Time: 2024-04-02 10:59:59.999000+03:00 | Profit/Loss (%): -0.1 | Volatility: 0.13
2024-04-28 20:51:38,802 [INFO ] 154 | Entry Type: Short | Entry Price: 66455.5 | Exit Price: 65799.89 | Entry Time: 2024-04-02 10:59:59.999000+03:00 | Exit Time: 2024-04-02 17:19:59.999000+03:00 | Profit/Loss (%): 1.52 | Volatility: 1.82
2024-04-28 20:51:38,803 [INFO ] 155 | Entry Type: Long | Entry Price: 65733.17 | Exit Price: 65395.25 | Entry Time: 2024-04-02 17:19:59.999000+03:00 | Exit Time: 2024-04-02 18:54:59.999000+03:00 | Profit/Loss (%): -0.28 | Volatility: 0.17
2024-04-28 20:51:38,804 [INFO ] 156 | Entry Type: Short | Entry Price: 65000.93 | Exit Price: 65735.07 | Entry Time: 2024-04-02 18:54:59.999000+03:00 | Exit Time: 2024-04-02 21:44:59.999000+03:00 | Profit/Loss (%): -0.29 | Volatility: 1.82
2024-04-28 20:51:38,806 [INFO ] 157 | Entry Type: Long | Entry Price: 65692.96 | Exit Price: 65901.54 | Entry Time: 2024-04-02 21:44:59.999000+03:00 | Exit Time: 2024-04-02 23:49:59.999000+03:00 | Profit/Loss (%): 0.5 | Volatility: 0.54
2024-04-28 20:51:38,807 [INFO ] 158 | Entry Type: Short | Entry Price: 65653.34 | Exit Price: 66346.92 | Entry Time: 2024-04-02 23:49:59.999000+03:00 | Exit Time: 2024-04-03 07:29:59.999000+03:00 | Profit/Loss (%): -0.53 | Volatility: 2.82
2024-04-28 20:51:38,808 [INFO ] 159 | Entry Type: Long | Entry Price: 66331.14 | Exit Price: 66228.0 | Entry Time: 2024-04-03 07:29:59.999000+03:00 | Exit Time: 2024-04-03 08:19:59.999000+03:00 | Profit/Loss (%): -0.0 | Volatility: 0.04
2024-04-28 20:51:38,810 [INFO ] 160 | Entry Type: Short | Entry Price: 66124.93 | Exit Price: 66335.77 | Entry Time: 2024-04-03 08:19:59.999000+03:00 | Exit Time: 2024-04-03 09:24:59.999000+03:00 | Profit/Loss (%): 0.08 | Volatility: 0.63
2024-04-28 20:51:38,811 [INFO ] 161 | Entry Type: Long | Entry Price: 66316.14 | Exit Price: 66275.59 | Entry Time: 2024-04-03 09:24:59.999000+03:00 | Exit Time: 2024-04-03 10:54:59.999000+03:00 | Profit/Loss (%): 0.1 | Volatility: 0.23
2024-04-28 20:51:38,812 [INFO ] 162 | Entry Type: Short | Entry Price: 66139.6 | Exit Price: 66549.62 | Entry Time: 2024-04-03 10:54:59.999000+03:00 | Exit Time: 2024-04-03 11:39:59.999000+03:00 | Profit/Loss (%): -0.15 | Volatility: 0.85
2024-04-28 20:51:38,813 [INFO ] 163 | Entry Type: Long | Entry Price: 66527.48 | Exit Price: 66428.57 | Entry Time: 2024-04-03 11:39:59.999000+03:00 | Exit Time: 2024-04-03 13:29:59.999000+03:00 | Profit/Loss (%): 0.08 | Volatility: 0.17
2024-04-28 20:51:38,814 [INFO ] 164 | Entry Type: Short | Entry Price: 66300.9 | Exit Price: 66439.24 | Entry Time: 2024-04-03 13:29:59.999000+03:00 | Exit Time: 2024-04-03 17:04:59.999000+03:00 | Profit/Loss (%): 0.88 | Volatility: 1.36
2024-04-28 20:51:38,815 [INFO ] 165 | Entry Type: Long | Entry Price: 66412.65 | Exit Price: 66280.0 | Entry Time: 2024-04-03 17:04:59.999000+03:00 | Exit Time: 2024-04-03 18:34:59.999000+03:00 | Profit/Loss (%): 0.72 | Volatility: 0.72
2024-04-28 20:51:38,816 [INFO ] 166 | Entry Type: Short | Entry Price: 65851.25 | Exit Price: 66550.0 | Entry Time: 2024-04-03 18:34:59.999000+03:00 | Exit Time: 2024-04-03 19:34:59.999000+03:00 | Profit/Loss (%): -0.12 | Volatility: 1.27
2024-04-28 20:51:38,817 [INFO ] 167 | Entry Type: Long | Entry Price: 66444.01 | Exit Price: 66068.01 | Entry Time: 2024-04-03 19:34:59.999000+03:00 | Exit Time: 2024-04-03 20:34:59.999000+03:00 | Profit/Loss (%): -0.44 | Volatility: 0.08
2024-04-28 20:51:38,819 [INFO ] 168 | Entry Type: Short | Entry Price: 65896.0 | Exit Price: 66119.68 | Entry Time: 2024-04-03 20:34:59.999000+03:00 | Exit Time: 2024-04-03 21:54:59.999000+03:00 | Profit/Loss (%): 0.24 | Volatility: 1.01
2024-04-28 20:51:38,820 [INFO ] 169 | Entry Type: Long | Entry Price: 66055.99 | Exit Price: 65840.0 | Entry Time: 2024-04-03 21:54:59.999000+03:00 | Exit Time: 2024-04-03 23:04:59.999000+03:00 | Profit/Loss (%): -0.19 | Volatility: 0.19
2024-04-28 20:51:38,821 [INFO ] 170 | Entry Type: Short | Entry Price: 65696.01 | Exit Price: 65881.09 | Entry Time: 2024-04-03 23:04:59.999000+03:00 | Exit Time: 2024-04-04 00:49:59.999000+03:00 | Profit/Loss (%): 0.06 | Volatility: 0.62
2024-04-28 20:51:38,822 [INFO ] 171 | Entry Type: Long | Entry Price: 65874.49 | Exit Price: 66190.2 | Entry Time: 2024-04-04 00:49:59.999000+03:00 | Exit Time: 2024-04-04 04:39:59.999000+03:00 | Profit/Loss (%): 0.67 | Volatility: 0.67
2024-04-28 20:51:38,823 [INFO ] 172 | Entry Type: Short | Entry Price: 66082.99 | Exit Price: 65741.93 | Entry Time: 2024-04-04 04:39:59.999000+03:00 | Exit Time: 2024-04-04 09:34:59.999000+03:00 | Profit/Loss (%): 0.8 | Volatility: 1.03
2024-04-28 20:51:38,824 [INFO ] 173 | Entry Type: Long | Entry Price: 65723.99 | Exit Price: 66264.29 | Entry Time: 2024-04-04 09:34:59.999000+03:00 | Exit Time: 2024-04-04 14:14:59.999000+03:00 | Profit/Loss (%): 0.92 | Volatility: 0.95
2024-04-28 20:51:38,825 [INFO ] 174 | Entry Type: Short | Entry Price: 66142.47 | Exit Price: 66431.34 | Entry Time: 2024-04-04 14:14:59.999000+03:00 | Exit Time: 2024-04-04 14:44:59.999000+03:00 | Profit/Loss (%): -0.14 | Volatility: 0.49
2024-04-28 20:51:38,826 [INFO ] 175 | Entry Type: Long | Entry Price: 66411.8 | Exit Price: 68551.99 | Entry Time: 2024-04-04 14:44:59.999000+03:00 | Exit Time: 2024-04-04 23:04:59.999000+03:00 | Profit/Loss (%): 3.22 | Volatility: 3.37
2024-04-28 20:51:38,827 [INFO ] 176 | Entry Type: Short | Entry Price: 68153.7 | Exit Price: 68337.38 | Entry Time: 2024-04-04 23:04:59.999000+03:00 | Exit Time: 2024-04-05 02:09:59.999000+03:00 | Profit/Loss (%): 0.7 | Volatility: 1.49
2024-04-28 20:51:38,828 [INFO ] 177 | Entry Type: Long | Entry Price: 68221.28 | Exit Price: 68133.2 | Entry Time: 2024-04-05 02:09:59.999000+03:00 | Exit Time: 2024-04-05 04:29:59.999000+03:00 | Profit/Loss (%): 0.17 | Volatility: 0.17
2024-04-28 20:51:38,829 [INFO ] 178 | Entry Type: Short | Entry Price: 68074.49 | Exit Price: 67361.85 | Entry Time: 2024-04-05 04:29:59.999000+03:00 | Exit Time: 2024-04-05 11:14:59.999000+03:00 | Profit/Loss (%): 1.47 | Volatility: 1.44
2024-04-28 20:51:38,830 [INFO ] 179 | Entry Type: Long | Entry Price: 67310.0 | Exit Price: 66763.33 | Entry Time: 2024-04-05 11:14:59.999000+03:00 | Exit Time: 2024-04-05 12:24:59.999000+03:00 | Profit/Loss (%): -0.57 | Volatility: 0.1
2024-04-28 20:51:38,831 [INFO ] 180 | Entry Type: Short | Entry Price: 66459.86 | Exit Price: 67213.84 | Entry Time: 2024-04-05 12:24:59.999000+03:00 | Exit Time: 2024-04-05 13:44:59.999000+03:00 | Profit/Loss (%): -0.46 | Volatility: 1.25
2024-04-28 20:51:38,832 [INFO ] 181 | Entry Type: Long | Entry Price: 67187.88 | Exit Price: 66933.34 | Entry Time: 2024-04-05 13:44:59.999000+03:00 | Exit Time: 2024-04-05 14:29:59.999000+03:00 | Profit/Loss (%): -0.2 | Volatility: 0.16
2024-04-28 20:51:38,833 [INFO ] 182 | Entry Type: Short | Entry Price: 66803.36 | Exit Price: 66888.0 | Entry Time: 2024-04-05 14:29:59.999000+03:00 | Exit Time: 2024-04-05 15:59:59.999000+03:00 | Profit/Loss (%): 0.3 | Volatility: 1.4
2024-04-28 20:51:38,834 [INFO ] 183 | Entry Type: Long | Entry Price: 66883.99 | Exit Price: 67846.11 | Entry Time: 2024-04-05 15:59:59.999000+03:00 | Exit Time: 2024-04-05 19:49:59.999000+03:00 | Profit/Loss (%): 1.65 | Volatility: 1.98
2024-04-28 20:51:38,835 [INFO ] 184 | Entry Type: Short | Entry Price: 67806.24 | Exit Price: 68010.0 | Entry Time: 2024-04-05 19:49:59.999000+03:00 | Exit Time: 2024-04-05 22:34:59.999000+03:00 | Profit/Loss (%): -0.04 | Volatility: 1.02
2024-04-28 20:51:38,836 [INFO ] 185 | Entry Type: Long | Entry Price: 67988.57 | Exit Price: 67572.24 | Entry Time: 2024-04-05 22:34:59.999000+03:00 | Exit Time: 2024-04-05 22:59:59.999000+03:00 | Profit/Loss (%): -0.42 | Volatility: 0.05
2024-04-28 20:51:38,837 [INFO ] 186 | Entry Type: Short | Entry Price: 67412.4 | Exit Price: 67955.43 | Entry Time: 2024-04-05 22:59:59.999000+03:00 | Exit Time: 2024-04-06 02:44:59.999000+03:00 | Profit/Loss (%): -0.41 | Volatility: 0.91
2024-04-28 20:51:38,838 [INFO ] 187 | Entry Type: Long | Entry Price: 67917.94 | Exit Price: 67833.34 | Entry Time: 2024-04-06 02:44:59.999000+03:00 | Exit Time: 2024-04-06 04:54:59.999000+03:00 | Profit/Loss (%): -0.08 | Volatility: 0.22
2024-04-28 20:51:38,839 [INFO ] 188 | Entry Type: Short | Entry Price: 67722.83 | Exit Price: 67812.04 | Entry Time: 2024-04-06 04:54:59.999000+03:00 | Exit Time: 2024-04-06 06:59:59.999000+03:00 | Profit/Loss (%): 0.09 | Volatility: 0.54
2024-04-28 20:51:38,840 [INFO ] 189 | Entry Type: Long | Entry Price: 67788.01 | Exit Price: 67718.0 | Entry Time: 2024-04-06 06:59:59.999000+03:00 | Exit Time: 2024-04-06 07:29:59.999000+03:00 | Profit/Loss (%): -0.03 | Volatility: 0.03
2024-04-28 20:51:38,840 [INFO ] 190 | Entry Type: Short | Entry Price: 67669.99 | Exit Price: 67895.19 | Entry Time: 2024-04-06 07:29:59.999000+03:00 | Exit Time: 2024-04-06 08:09:59.999000+03:00 | Profit/Loss (%): -0.09 | Volatility: 0.43
2024-04-28 20:51:38,841 [INFO ] 191 | Entry Type: Long | Entry Price: 67895.18 | Exit Price: 68000.36 | Entry Time: 2024-04-06 08:09:59.999000+03:00 | Exit Time: 2024-04-06 11:19:59.999000+03:00 | Profit/Loss (%): 0.34 | Volatility: 0.34
2024-04-28 20:51:38,842 [INFO ] 192 | Entry Type: Short | Entry Price: 67896.01 | Exit Price: 67802.9 | Entry Time: 2024-04-06 11:19:59.999000+03:00 | Exit Time: 2024-04-06 17:04:59.999000+03:00 | Profit/Loss (%): 0.44 | Volatility: 0.41
2024-04-28 20:51:38,843 [INFO ] 193 | Entry Type: Long | Entry Price: 67802.9 | Exit Price: 68264.0 | Entry Time: 2024-04-06 17:04:59.999000+03:00 | Exit Time: 2024-04-06 23:04:59.999000+03:00 | Profit/Loss (%): 0.83 | Volatility: 0.86
2024-04-28 20:51:38,844 [INFO ] 194 | Entry Type: Short | Entry Price: 68220.28 | Exit Price: 68434.88 | Entry Time: 2024-04-06 23:04:59.999000+03:00 | Exit Time: 2024-04-07 00:04:59.999000+03:00 | Profit/Loss (%): -0.19 | Volatility: 0.39
2024-04-28 20:51:38,845 [INFO ] 195 | Entry Type: Long | Entry Price: 68407.5 | Exit Price: 69480.1 | Entry Time: 2024-04-07 00:04:59.999000+03:00 | Exit Time: 2024-04-07 05:54:59.999000+03:00 | Profit/Loss (%): 1.59 | Volatility: 1.75
2024-04-28 20:51:38,846 [INFO ] 196 | Entry Type: Short | Entry Price: 69334.89 | Exit Price: 69510.0 | Entry Time: 2024-04-07 05:54:59.999000+03:00 | Exit Time: 2024-04-07 06:49:59.999000+03:00 | Profit/Loss (%): 0.14 | Volatility: 0.37
2024-04-28 20:51:38,847 [INFO ] 197 | Entry Type: Long | Entry Price: 69500.0 | Exit Price: 69231.77 | Entry Time: 2024-04-07 06:49:59.999000+03:00 | Exit Time: 2024-04-07 07:34:59.999000+03:00 | Profit/Loss (%): -0.26 | Volatility: 0.09
2024-04-28 20:51:38,848 [INFO ] 198 | Entry Type: Short | Entry Price: 69094.71 | Exit Price: 69432.96 | Entry Time: 2024-04-07 07:34:59.999000+03:00 | Exit Time: 2024-04-07 10:29:59.999000+03:00 | Profit/Loss (%): -0.27 | Volatility: 0.55
2024-04-28 20:51:38,849 [INFO ] 199 | Entry Type: Long | Entry Price: 69420.0 | Exit Price: 69386.9 | Entry Time: 2024-04-07 10:29:59.999000+03:00 | Exit Time: 2024-04-07 12:34:59.999000+03:00 | Profit/Loss (%): -0.03 | Volatility: 0.08
2024-04-28 20:51:38,849 [INFO ] 200 | Entry Type: Short | Entry Price: 69301.64 | Exit Price: 69396.0 | Entry Time: 2024-04-07 12:34:59.999000+03:00 | Exit Time: 2024-04-07 15:04:59.999000+03:00 | Profit/Loss (%): 0.01 | Volatility: 0.28
2024-04-28 20:51:38,850 [INFO ] 201 | Entry Type: Long | Entry Price: 69364.93 | Exit Price: 69279.73 | Entry Time: 2024-04-07 15:04:59.999000+03:00 | Exit Time: 2024-04-07 15:29:59.999000+03:00 | Profit/Loss (%): -0.16 | Volatility: 0.05
2024-04-28 20:51:38,852 [INFO ] 202 | Entry Type: Short | Entry Price: 69225.99 | Exit Price: 69399.53 | Entry Time: 2024-04-07 15:29:59.999000+03:00 | Exit Time: 2024-04-07 15:44:59.999000+03:00 | Profit/Loss (%): -0.1 | Volatility: 0.27
2024-04-28 20:51:38,853 [INFO ] 203 | Entry Type: Long | Entry Price: 69390.8 | Exit Price: 69356.85 | Entry Time: 2024-04-07 15:44:59.999000+03:00 | Exit Time: 2024-04-07 17:04:59.999000+03:00 | Profit/Loss (%): 0.05 | Volatility: 0.19
2024-04-28 20:51:38,854 [INFO ] 204 | Entry Type: Short | Entry Price: 69320.01 | Exit Price: 69520.45 | Entry Time: 2024-04-07 17:04:59.999000+03:00 | Exit Time: 2024-04-07 17:44:59.999000+03:00 | Profit/Loss (%): -0.1 | Volatility: 0.43
2024-04-28 20:51:38,855 [INFO ] 205 | Entry Type: Long | Entry Price: 69494.82 | Exit Price: 69828.0 | Entry Time: 2024-04-07 17:44:59.999000+03:00 | Exit Time: 2024-04-07 21:04:59.999000+03:00 | Profit/Loss (%): 0.54 | Volatility: 0.67
2024-04-28 20:51:38,855 [INFO ] 206 | Entry Type: Short | Entry Price: 69638.07 | Exit Price: 69254.0 | Entry Time: 2024-04-07 21:04:59.999000+03:00 | Exit Time: 2024-04-08 01:19:59.999000+03:00 | Profit/Loss (%): 0.86 | Volatility: 0.58
2024-04-28 20:51:38,856 [INFO ] 207 | Entry Type: Long | Entry Price: 69216.36 | Exit Price: 69333.97 | Entry Time: 2024-04-08 01:19:59.999000+03:00 | Exit Time: 2024-04-08 03:24:59.999000+03:00 | Profit/Loss (%): 0.18 | Volatility: 0.33
2024-04-28 20:51:38,857 [INFO ] 208 | Entry Type: Short | Entry Price: 69241.13 | Exit Price: 69350.65 | Entry Time: 2024-04-08 03:24:59.999000+03:00 | Exit Time: 2024-04-08 04:04:59.999000+03:00 | Profit/Loss (%): -0.01 | Volatility: 0.44
2024-04-28 20:51:38,858 [INFO ] 209 | Entry Type: Long | Entry Price: 69340.0 | Exit Price: 69414.47 | Entry Time: 2024-04-08 04:04:59.999000+03:00 | Exit Time: 2024-04-08 05:09:59.999000+03:00 | Profit/Loss (%): 0.09 | Volatility: 0.19
2024-04-28 20:51:38,859 [INFO ] 210 | Entry Type: Short | Entry Price: 69308.0 | Exit Price: 69484.0 | Entry Time: 2024-04-08 05:09:59.999000+03:00 | Exit Time: 2024-04-08 06:54:59.999000+03:00 | Profit/Loss (%): 0.0 | Volatility: 0.52
2024-04-28 20:51:38,860 [INFO ] 211 | Entry Type: Long | Entry Price: 69484.0 | Exit Price: 69356.56 | Entry Time: 2024-04-08 06:54:59.999000+03:00 | Exit Time: 2024-04-08 07:34:59.999000+03:00 | Profit/Loss (%): -0.05 | Volatility: 0.07
2024-04-28 20:51:38,861 [INFO ] 212 | Entry Type: Short | Entry Price: 69324.71 | Exit Price: 69645.31 | Entry Time: 2024-04-08 07:34:59.999000+03:00 | Exit Time: 2024-04-08 08:14:59.999000+03:00 | Profit/Loss (%): -0.19 | Volatility: 0.53
2024-04-28 20:51:38,862 [INFO ] 213 | Entry Type: Long | Entry Price: 69626.0 | Exit Price: 72349.06 | Entry Time: 2024-04-08 08:14:59.999000+03:00 | Exit Time: 2024-04-08 15:34:59.999000+03:00 | Profit/Loss (%): 4.03 | Volatility: 4.11
2024-04-28 20:51:38,863 [INFO ] 214 | Entry Type: Short | Entry Price: 72232.08 | Exit Price: 72104.05 | Entry Time: 2024-04-08 15:34:59.999000+03:00 | Exit Time: 2024-04-08 21:44:59.999000+03:00 | Profit/Loss (%): 0.45 | Volatility: 1.19
2024-04-28 20:51:38,864 [INFO ] 215 | Entry Type: Long | Entry Price: 72064.14 | Exit Price: 71887.0 | Entry Time: 2024-04-08 21:44:59.999000+03:00 | Exit Time: 2024-04-08 22:44:59.999000+03:00 | Profit/Loss (%): -0.19 | Volatility: 0.3
2024-04-28 20:51:38,865 [INFO ] 216 | Entry Type: Short | Entry Price: 71752.7 | Exit Price: 71852.23 | Entry Time: 2024-04-08 22:44:59.999000+03:00 | Exit Time: 2024-04-09 00:09:59.999000+03:00 | Profit/Loss (%): 0.1 | Volatility: 0.49
2024-04-28 20:51:38,866 [INFO ] 217 | Entry Type: Long | Entry Price: 71842.0 | Exit Price: 71646.87 | Entry Time: 2024-04-09 00:09:59.999000+03:00 | Exit Time: 2024-04-09 00:54:59.999000+03:00 | Profit/Loss (%): -0.15 | Volatility: 0.0
2024-04-28 20:51:38,867 [INFO ] 218 | Entry Type: Short | Entry Price: 71636.19 | Exit Price: 71805.38 | Entry Time: 2024-04-09 00:54:59.999000+03:00 | Exit Time: 2024-04-09 01:54:59.999000+03:00 | Profit/Loss (%): -0.05 | Volatility: 0.29
2024-04-28 20:51:38,868 [INFO ] 219 | Entry Type: Long | Entry Price: 71784.44 | Exit Price: 71676.46 | Entry Time: 2024-04-09 01:54:59.999000+03:00 | Exit Time: 2024-04-09 02:54:59.999000+03:00 | Profit/Loss (%): -0.03 | Volatility: 0.09
2024-04-28 20:51:38,869 [INFO ] 220 | Entry Type: Short | Entry Price: 71631.8 | Exit Price: 71618.95 | Entry Time: 2024-04-09 02:54:59.999000+03:00 | Exit Time: 2024-04-09 05:29:59.999000+03:00 | Profit/Loss (%): 0.28 | Volatility: 1.1
2024-04-28 20:51:38,870 [INFO ] 221 | Entry Type: Long | Entry Price: 71494.67 | Exit Price: 71207.17 | Entry Time: 2024-04-09 05:29:59.999000+03:00 | Exit Time: 2024-04-09 07:09:59.999000+03:00 | Profit/Loss (%): -0.37 | Volatility: 0.05
2024-04-28 20:51:38,871 [INFO ] 222 | Entry Type: Short | Entry Price: 71123.88 | Exit Price: 70728.1 | Entry Time: 2024-04-09 07:09:59.999000+03:00 | Exit Time: 2024-04-09 12:04:59.999000+03:00 | Profit/Loss (%): 0.97 | Volatility: 1.62
2024-04-28 20:51:38,872 [INFO ] 223 | Entry Type: Long | Entry Price: 70657.55 | Exit Price: 70716.28 | Entry Time: 2024-04-09 12:04:59.999000+03:00 | Exit Time: 2024-04-09 16:09:59.999000+03:00 | Profit/Loss (%): 0.31 | Volatility: 0.68
2024-04-28 20:51:38,872 [INFO ] 224 | Entry Type: Short | Entry Price: 70565.74 | Exit Price: 69174.0 | Entry Time: 2024-04-09 16:09:59.999000+03:00 | Exit Time: 2024-04-09 22:29:59.999000+03:00 | Profit/Loss (%): 2.53 | Volatility: 1.37
2024-04-28 20:51:38,873 [INFO ] 225 | Entry Type: Long | Entry Price: 69118.36 | Exit Price: 69194.7 | Entry Time: 2024-04-09 22:29:59.999000+03:00 | Exit Time: 2024-04-10 02:14:59.999000+03:00 | Profit/Loss (%): 0.38 | Volatility: 0.48
2024-04-28 20:51:38,874 [INFO ] 226 | Entry Type: Short | Entry Price: 69161.08 | Exit Price: 69247.79 | Entry Time: 2024-04-10 02:14:59.999000+03:00 | Exit Time: 2024-04-10 03:24:59.999000+03:00 | Profit/Loss (%): -0.08 | Volatility: 0.52
2024-04-28 20:51:38,875 [INFO ] 227 | Entry Type: Long | Entry Price: 69245.02 | Exit Price: 69138.81 | Entry Time: 2024-04-10 03:24:59.999000+03:00 | Exit Time: 2024-04-10 04:04:59.999000+03:00 | Profit/Loss (%): -0.15 | Volatility: 0.16
2024-04-28 20:51:38,876 [INFO ] 228 | Entry Type: Short | Entry Price: 68969.39 | Exit Price: 69594.15 | Entry Time: 2024-04-10 04:04:59.999000+03:00 | Exit Time: 2024-04-10 05:04:59.999000+03:00 | Profit/Loss (%): -0.19 | Volatility: 1.44
2024-04-28 20:51:38,877 [INFO ] 229 | Entry Type: Long | Entry Price: 69500.0 | Exit Price: 68844.01 | Entry Time: 2024-04-10 05:04:59.999000+03:00 | Exit Time: 2024-04-10 05:54:59.999000+03:00 | Profit/Loss (%): -0.61 | Volatility: 0.33
2024-04-28 20:51:38,878 [INFO ] 230 | Entry Type: Short | Entry Price: 68500.01 | Exit Price: 69199.99 | Entry Time: 2024-04-10 05:54:59.999000+03:00 | Exit Time: 2024-04-10 07:09:59.999000+03:00 | Profit/Loss (%): -0.29 | Volatility: 1.07
2024-04-28 20:51:38,879 [INFO ] 231 | Entry Type: Long | Entry Price: 69180.01 | Exit Price: 69396.01 | Entry Time: 2024-04-10 07:09:59.999000+03:00 | Exit Time: 2024-04-10 10:59:59.999000+03:00 | Profit/Loss (%): 0.51 | Volatility: 0.56
2024-04-28 20:51:38,880 [INFO ] 232 | Entry Type: Short | Entry Price: 69336.28 | Exit Price: 68794.49 | Entry Time: 2024-04-10 10:59:59.999000+03:00 | Exit Time: 2024-04-10 17:24:59.999000+03:00 | Profit/Loss (%): 1.38 | Volatility: 1.84
2024-04-28 20:51:38,881 [INFO ] 233 | Entry Type: Long | Entry Price: 68792.0 | Exit Price: 70372.37 | Entry Time: 2024-04-10 17:24:59.999000+03:00 | Exit Time: 2024-04-11 03:34:59.999000+03:00 | Profit/Loss (%): 2.82 | Volatility: 3.06
2024-04-28 20:51:38,882 [INFO ] 234 | Entry Type: Short | Entry Price: 70344.67 | Exit Price: 70804.68 | Entry Time: 2024-04-11 03:34:59.999000+03:00 | Exit Time: 2024-04-11 05:24:59.999000+03:00 | Profit/Loss (%): -0.49 | Volatility: 0.74
2024-04-28 20:51:38,883 [INFO ] 235 | Entry Type: Long | Entry Price: 70802.99 | Exit Price: 70625.24 | Entry Time: 2024-04-11 05:24:59.999000+03:00 | Exit Time: 2024-04-11 07:19:59.999000+03:00 | Profit/Loss (%): -0.16 | Volatility: 0.16
2024-04-28 20:51:38,884 [INFO ] 236 | Entry Type: Short | Entry Price: 70489.11 | Exit Price: 70749.0 | Entry Time: 2024-04-11 07:19:59.999000+03:00 | Exit Time: 2024-04-11 09:44:59.999000+03:00 | Profit/Loss (%): -0.13 | Volatility: 0.53
2024-04-28 20:51:38,885 [INFO ] 237 | Entry Type: Long | Entry Price: 70727.98 | Exit Price: 70856.74 | Entry Time: 2024-04-11 09:44:59.999000+03:00 | Exit Time: 2024-04-11 12:34:59.999000+03:00 | Profit/Loss (%): 0.22 | Volatility: 0.34
2024-04-28 20:51:38,885 [INFO ] 238 | Entry Type: Short | Entry Price: 70778.79 | Exit Price: 70802.68 | Entry Time: 2024-04-11 12:34:59.999000+03:00 | Exit Time: 2024-04-11 15:39:59.999000+03:00 | Profit/Loss (%): 0.19 | Volatility: 1.32
2024-04-28 20:51:38,886 [INFO ] 239 | Entry Type: Long | Entry Price: 70788.0 | Exit Price: 70290.0 | Entry Time: 2024-04-11 15:39:59.999000+03:00 | Exit Time: 2024-04-11 16:44:59.999000+03:00 | Profit/Loss (%): -0.61 | Volatility: 0.02
2024-04-28 20:51:38,887 [INFO ] 240 | Entry Type: Short | Entry Price: 69820.0 | Exit Price: 70321.8 | Entry Time: 2024-04-11 16:44:59.999000+03:00 | Exit Time: 2024-04-11 20:04:59.999000+03:00 | Profit/Loss (%): 0.38 | Volatility: 1.08
2024-04-28 20:51:38,889 [INFO ] 241 | Entry Type: Long | Entry Price: 70224.22 | Exit Price: 70283.08 | Entry Time: 2024-04-11 20:04:59.999000+03:00 | Exit Time: 2024-04-12 00:29:59.999000+03:00 | Profit/Loss (%): 0.39 | Volatility: 0.47
2024-04-28 20:51:38,890 [INFO ] 242 | Entry Type: Short | Entry Price: 70203.98 | Exit Price: 70304.96 | Entry Time: 2024-04-12 00:29:59.999000+03:00 | Exit Time: 2024-04-12 03:14:59.999000+03:00 | Profit/Loss (%): 0.13 | Volatility: 0.71
2024-04-28 20:51:38,891 [INFO ] 243 | Entry Type: Long | Entry Price: 70242.73 | Exit Price: 70989.22 | Entry Time: 2024-04-12 03:14:59.999000+03:00 | Exit Time: 2024-04-12 09:09:59.999000+03:00 | Profit/Loss (%): 1.14 | Volatility: 1.25
2024-04-28 20:51:38,891 [INFO ] 244 | Entry Type: Short | Entry Price: 70875.68 | Exit Price: 70863.51 | Entry Time: 2024-04-12 09:09:59.999000+03:00 | Exit Time: 2024-04-12 12:04:59.999000+03:00 | Profit/Loss (%): 0.32 | Volatility: 0.42
2024-04-28 20:51:38,893 [INFO ] 245 | Entry Type: Long | Entry Price: 70804.18 | Exit Price: 70735.3 | Entry Time: 2024-04-12 12:04:59.999000+03:00 | Exit Time: 2024-04-12 12:29:59.999000+03:00 | Profit/Loss (%): -0.06 | Volatility: 0.17
2024-04-28 20:51:38,894 [INFO ] 246 | Entry Type: Short | Entry Price: 70669.85 | Exit Price: 70846.49 | Entry Time: 2024-04-12 12:29:59.999000+03:00 | Exit Time: 2024-04-12 13:39:59.999000+03:00 | Profit/Loss (%): 0.0 | Volatility: 0.48
2024-04-28 20:51:38,895 [INFO ] 247 | Entry Type: Long | Entry Price: 70846.48 | Exit Price: 70556.76 | Entry Time: 2024-04-12 13:39:59.999000+03:00 | Exit Time: 2024-04-12 15:44:59.999000+03:00 | Profit/Loss (%): -0.32 | Volatility: 0.11
2024-04-28 20:51:38,896 [INFO ] 248 | Entry Type: Short | Entry Price: 70396.69 | Exit Price: 67230.19 | Entry Time: 2024-04-12 15:44:59.999000+03:00 | Exit Time: 2024-04-13 02:54:59.999000+03:00 | Profit/Loss (%): 4.79 | Volatility: 3.04
2024-04-28 20:51:38,896 [INFO ] 249 | Entry Type: Long | Entry Price: 67206.4 | Exit Price: 66893.92 | Entry Time: 2024-04-13 02:54:59.999000+03:00 | Exit Time: 2024-04-13 04:09:59.999000+03:00 | Profit/Loss (%): -0.42 | Volatility: 0.23
2024-04-28 20:51:38,897 [INFO ] 250 | Entry Type: Short | Entry Price: 66750.02 | Exit Price: 67168.0 | Entry Time: 2024-04-13 04:09:59.999000+03:00 | Exit Time: 2024-04-13 06:59:59.999000+03:00 | Profit/Loss (%): -0.29 | Volatility: 2.15
2024-04-28 20:51:38,898 [INFO ] 251 | Entry Type: Long | Entry Price: 67160.55 | Exit Price: 67368.7 | Entry Time: 2024-04-13 06:59:59.999000+03:00 | Exit Time: 2024-04-13 10:19:59.999000+03:00 | Profit/Loss (%): 0.51 | Volatility: 0.54
2024-04-28 20:51:38,899 [INFO ] 252 | Entry Type: Short | Entry Price: 67166.67 | Exit Price: 67471.18 | Entry Time: 2024-04-13 10:19:59.999000+03:00 | Exit Time: 2024-04-13 12:49:59.999000+03:00 | Profit/Loss (%): 0.0 | Volatility: 0.57
2024-04-28 20:51:38,900 [INFO ] 253 | Entry Type: Long | Entry Price: 67459.98 | Exit Price: 67540.02 | Entry Time: 2024-04-13 12:49:59.999000+03:00 | Exit Time: 2024-04-13 17:54:59.999000+03:00 | Profit/Loss (%): 0.26 | Volatility: 0.55
2024-04-28 20:51:38,901 [INFO ] 254 | Entry Type: Short | Entry Price: 67449.99 | Exit Price: 67697.22 | Entry Time: 2024-04-13 17:54:59.999000+03:00 | Exit Time: 2024-04-13 18:24:59.999000+03:00 | Profit/Loss (%): -0.11 | Volatility: 0.45
2024-04-28 20:51:38,902 [INFO ] 255 | Entry Type: Long | Entry Price: 67680.0 | Exit Price: 67626.24 | Entry Time: 2024-04-13 18:24:59.999000+03:00 | Exit Time: 2024-04-13 19:14:59.999000+03:00 | Profit/Loss (%): -0.07 | Volatility: 0.21
2024-04-28 20:51:38,903 [INFO ] 256 | Entry Type: Short | Entry Price: 67489.01 | Exit Price: 63987.22 | Entry Time: 2024-04-13 19:14:59.999000+03:00 | Exit Time: 2024-04-14 01:39:59.999000+03:00 | Profit/Loss (%): 5.86 | Volatility: 4.93
2024-04-28 20:51:38,904 [INFO ] 257 | Entry Type: Long | Entry Price: 63931.46 | Exit Price: 63757.58 | Entry Time: 2024-04-14 01:39:59.999000+03:00 | Exit Time: 2024-04-14 03:29:59.999000+03:00 | Profit/Loss (%): -0.32 | Volatility: 0.69
2024-04-28 20:51:38,904 [INFO ] 258 | Entry Type: Short | Entry Price: 63556.99 | Exit Price: 63462.14 | Entry Time: 2024-04-14 03:29:59.999000+03:00 | Exit Time: 2024-04-14 06:44:59.999000+03:00 | Profit/Loss (%): 0.1 | Volatility: 2.09
2024-04-28 20:51:38,905 [INFO ] 259 | Entry Type: Long | Entry Price: 63397.0 | Exit Price: 64597.0 | Entry Time: 2024-04-14 06:44:59.999000+03:00 | Exit Time: 2024-04-14 10:49:59.999000+03:00 | Profit/Loss (%): 1.96 | Volatility: 2.42
2024-04-28 20:51:38,907 [INFO ] 260 | Entry Type: Short | Entry Price: 64421.8 | Exit Price: 64371.65 | Entry Time: 2024-04-14 10:49:59.999000+03:00 | Exit Time: 2024-04-14 15:34:59.999000+03:00 | Profit/Loss (%): 0.54 | Volatility: 0.8
2024-04-28 20:51:38,909 [INFO ] 261 | Entry Type: Long | Entry Price: 64323.18 | Exit Price: 64400.0 | Entry Time: 2024-04-14 15:34:59.999000+03:00 | Exit Time: 2024-04-14 17:04:59.999000+03:00 | Profit/Loss (%): 0.22 | Volatility: 0.28
2024-04-28 20:51:38,910 [INFO ] 262 | Entry Type: Short | Entry Price: 64024.89 | Exit Price: 65399.87 | Entry Time: 2024-04-14 17:04:59.999000+03:00 | Exit Time: 2024-04-15 01:09:59.999000+03:00 | Profit/Loss (%): -0.15 | Volatility: 4.41
2024-04-28 20:51:38,911 [INFO ] 263 | Entry Type: Long | Entry Price: 65200.0 | Exit Price: 65383.01 | Entry Time: 2024-04-15 01:09:59.999000+03:00 | Exit Time: 2024-04-15 04:49:59.999000+03:00 | Profit/Loss (%): 1.41 | Volatility: 1.41
2024-04-28 20:51:38,913 [INFO ] 264 | Entry Type: Short | Entry Price: 65224.4 | Exit Price: 65258.81 | Entry Time: 2024-04-15 04:49:59.999000+03:00 | Exit Time: 2024-04-15 08:34:59.999000+03:00 | Profit/Loss (%): 0.41 | Volatility: 0.88
2024-04-28 20:51:38,914 [INFO ] 265 | Entry Type: Long | Entry Price: 65227.16 | Exit Price: 66579.2 | Entry Time: 2024-04-15 08:34:59.999000+03:00 | Exit Time: 2024-04-15 13:19:59.999000+03:00 | Profit/Loss (%): 2.2 | Volatility: 2.29
2024-04-28 20:51:38,915 [INFO ] 266 | Entry Type: Short | Entry Price: 66464.82 | Exit Price: 66399.0 | Entry Time: 2024-04-15 13:19:59.999000+03:00 | Exit Time: 2024-04-15 16:49:59.999000+03:00 | Profit/Loss (%): 0.48 | Volatility: 0.9
2024-04-28 20:51:38,916 [INFO ] 267 | Entry Type: Long | Entry Price: 66292.49 | Exit Price: 65977.0 | Entry Time: 2024-04-15 16:49:59.999000+03:00 | Exit Time: 2024-04-15 17:09:59.999000+03:00 | Profit/Loss (%): -0.58 | Volatility: 0.44
2024-04-28 20:51:38,917 [INFO ] 268 | Entry Type: Short | Entry Price: 65623.0 | Exit Price: 63338.0 | Entry Time: 2024-04-15 17:09:59.999000+03:00 | Exit Time: 2024-04-16 01:34:59.999000+03:00 | Profit/Loss (%): 4.25 | Volatility: 1.62
2024-04-28 20:51:38,919 [INFO ] 269 | Entry Type: Long | Entry Price: 63329.12 | Exit Price: 63372.09 | Entry Time: 2024-04-16 01:34:59.999000+03:00 | Exit Time: 2024-04-16 03:39:59.999000+03:00 | Profit/Loss (%): 0.46 | Volatility: 0.54
2024-04-28 20:51:38,920 [INFO ] 270 | Entry Type: Short | Entry Price: 63091.99 | Exit Price: 63551.75 | Entry Time: 2024-04-16 03:39:59.999000+03:00 | Exit Time: 2024-04-16 04:14:59.999000+03:00 | Profit/Loss (%): -0.21 | Volatility: 0.98
2024-04-28 20:51:38,921 [INFO ] 271 | Entry Type: Long | Entry Price: 63516.0 | Exit Price: 63346.23 | Entry Time: 2024-04-16 04:14:59.999000+03:00 | Exit Time: 2024-04-16 04:54:59.999000+03:00 | Profit/Loss (%): -0.2 | Volatility: 0.02
2024-04-28 20:51:38,922 [INFO ] 272 | Entry Type: Short | Entry Price: 63172.9 | Exit Price: 63521.15 | Entry Time: 2024-04-16 04:54:59.999000+03:00 | Exit Time: 2024-04-16 06:04:59.999000+03:00 | Profit/Loss (%): -0.09 | Volatility: 1.22
2024-04-28 20:51:38,923 [INFO ] 273 | Entry Type: Long | Entry Price: 63511.35 | Exit Price: 63154.86 | Entry Time: 2024-04-16 06:04:59.999000+03:00 | Exit Time: 2024-04-16 06:34:59.999000+03:00 | Profit/Loss (%): -0.41 | Volatility: 0.09
2024-04-28 20:51:38,924 [INFO ] 274 | Entry Type: Short | Entry Price: 63067.41 | Exit Price: 62812.74 | Entry Time: 2024-04-16 06:34:59.999000+03:00 | Exit Time: 2024-04-16 08:44:59.999000+03:00 | Profit/Loss (%): 0.68 | Volatility: 1.8
2024-04-28 20:51:38,926 [INFO ] 275 | Entry Type: Long | Entry Price: 62797.22 | Exit Price: 63317.08 | Entry Time: 2024-04-16 08:44:59.999000+03:00 | Exit Time: 2024-04-16 12:59:59.999000+03:00 | Profit/Loss (%): 0.9 | Volatility: 1.17
2024-04-28 20:51:38,928 [INFO ] 276 | Entry Type: Short | Entry Price: 63242.19 | Exit Price: 63422.97 | Entry Time: 2024-04-16 12:59:59.999000+03:00 | Exit Time: 2024-04-16 15:39:59.999000+03:00 | Profit/Loss (%): 0.24 | Volatility: 2.88
2024-04-28 20:51:38,929 [INFO ] 277 | Entry Type: Long | Entry Price: 63285.25 | Exit Price: 62577.78 | Entry Time: 2024-04-16 15:39:59.999000+03:00 | Exit Time: 2024-04-16 16:49:59.999000+03:00 | Profit/Loss (%): -0.9 | Volatility: 0.41
2024-04-28 20:51:38,930 [INFO ] 278 | Entry Type: Short | Entry Price: 62321.9 | Exit Price: 63100.0 | Entry Time: 2024-04-16 16:49:59.999000+03:00 | Exit Time: 2024-04-16 17:19:59.999000+03:00 | Profit/Loss (%): -0.53 | Volatility: 1.55
2024-04-28 20:51:38,931 [INFO ] 279 | Entry Type: Long | Entry Price: 62977.3 | Exit Price: 62518.89 | Entry Time: 2024-04-16 17:19:59.999000+03:00 | Exit Time: 2024-04-16 17:34:59.999000+03:00 | Profit/Loss (%): -0.73 | Volatility: 0.19
2024-04-28 20:51:38,932 [INFO ] 280 | Entry Type: Short | Entry Price: 62209.75 | Exit Price: 62496.77 | Entry Time: 2024-04-16 17:34:59.999000+03:00 | Exit Time: 2024-04-16 19:54:59.999000+03:00 | Profit/Loss (%): 0.24 | Volatility: 1.29
2024-04-28 20:51:38,934 [INFO ] 281 | Entry Type: Long | Entry Price: 62473.99 | Exit Price: 62805.09 | Entry Time: 2024-04-16 19:54:59.999000+03:00 | Exit Time: 2024-04-16 22:59:59.999000+03:00 | Profit/Loss (%): 0.69 | Volatility: 0.88
2024-04-28 20:51:38,935 [INFO ] 282 | Entry Type: Short | Entry Price: 62721.43 | Exit Price: 63267.0 | Entry Time: 2024-04-16 22:59:59.999000+03:00 | Exit Time: 2024-04-17 00:09:59.999000+03:00 | Profit/Loss (%): -0.67 | Volatility: 1.14
2024-04-28 20:51:38,936 [INFO ] 283 | Entry Type: Long | Entry Price: 63255.56 | Exit Price: 63795.68 | Entry Time: 2024-04-17 00:09:59.999000+03:00 | Exit Time: 2024-04-17 03:09:59.999000+03:00 | Profit/Loss (%): 0.97 | Volatility: 1.08
2024-04-28 20:51:38,937 [INFO ] 284 | Entry Type: Short | Entry Price: 63654.79 | Exit Price: 64224.56 | Entry Time: 2024-04-17 03:09:59.999000+03:00 | Exit Time: 2024-04-17 05:04:59.999000+03:00 | Profit/Loss (%): -0.45 | Volatility: 1.01
2024-04-28 20:51:38,938 [INFO ] 285 | Entry Type: Long | Entry Price: 64223.52 | Exit Price: 63911.23 | Entry Time: 2024-04-17 05:04:59.999000+03:00 | Exit Time: 2024-04-17 05:49:59.999000+03:00 | Profit/Loss (%): -0.21 | Volatility: 0.25
2024-04-28 20:51:38,939 [INFO ] 286 | Entry Type: Short | Entry Price: 63761.94 | Exit Price: 64128.22 | Entry Time: 2024-04-17 05:49:59.999000+03:00 | Exit Time: 2024-04-17 07:39:59.999000+03:00 | Profit/Loss (%): -0.18 | Volatility: 0.72
2024-04-28 20:51:38,940 [INFO ] 287 | Entry Type: Long | Entry Price: 64127.03 | Exit Price: 63543.54 | Entry Time: 2024-04-17 07:39:59.999000+03:00 | Exit Time: 2024-04-17 10:19:59.999000+03:00 | Profit/Loss (%): -0.74 | Volatility: 0.43
2024-04-28 20:51:38,941 [INFO ] 288 | Entry Type: Short | Entry Price: 63443.32 | Exit Price: 62782.18 | Entry Time: 2024-04-17 10:19:59.999000+03:00 | Exit Time: 2024-04-17 16:54:59.999000+03:00 | Profit/Loss (%): 1.32 | Volatility: 1.14
2024-04-28 20:51:38,944 [INFO ] 289 | Entry Type: Long | Entry Price: 62730.17 | Exit Price: 62318.0 | Entry Time: 2024-04-17 16:54:59.999000+03:00 | Exit Time: 2024-04-17 17:09:59.999000+03:00 | Profit/Loss (%): -0.65 | Volatility: 0.16
2024-04-28 20:51:38,946 [INFO ] 290 | Entry Type: Short | Entry Price: 62214.67 | Exit Price: 61779.99 | Entry Time: 2024-04-17 17:09:59.999000+03:00 | Exit Time: 2024-04-17 21:04:59.999000+03:00 | Profit/Loss (%): 1.61 | Volatility: 3.38
2024-04-28 20:51:38,947 [INFO ] 291 | Entry Type: Long | Entry Price: 61739.02 | Exit Price: 61000.01 | Entry Time: 2024-04-17 21:04:59.999000+03:00 | Exit Time: 2024-04-17 23:54:59.999000+03:00 | Profit/Loss (%): -0.45 | Volatility: 0.44
2024-04-28 20:51:38,950 [INFO ] 292 | Entry Type: Short | Entry Price: 60803.23 | Exit Price: 61543.66 | Entry Time: 2024-04-17 23:54:59.999000+03:00 | Exit Time: 2024-04-18 01:34:59.999000+03:00 | Profit/Loss (%): -0.62 | Volatility: 1.26
2024-04-28 20:51:38,953 [INFO ] 293 | Entry Type: Long | Entry Price: 61519.7 | Exit Price: 61274.4 | Entry Time: 2024-04-18 01:34:59.999000+03:00 | Exit Time: 2024-04-18 03:14:59.999000+03:00 | Profit/Loss (%): -0.18 | Volatility: 0.22
2024-04-28 20:51:38,954 [INFO ] 294 | Entry Type: Short | Entry Price: 61118.0 | Exit Price: 61641.72 | Entry Time: 2024-04-18 03:14:59.999000+03:00 | Exit Time: 2024-04-18 04:29:59.999000+03:00 | Profit/Loss (%): -0.26 | Volatility: 1.15
2024-04-28 20:51:38,955 [INFO ] 295 | Entry Type: Long | Entry Price: 61592.0 | Exit Price: 61985.53 | Entry Time: 2024-04-18 04:29:59.999000+03:00 | Exit Time: 2024-04-18 07:39:59.999000+03:00 | Profit/Loss (%): 0.89 | Volatility: 0.92
2024-04-28 20:51:38,957 [INFO ] 296 | Entry Type: Short | Entry Price: 61887.99 | Exit Price: 61270.68 | Entry Time: 2024-04-18 07:39:59.999000+03:00 | Exit Time: 2024-04-18 11:04:59.999000+03:00 | Profit/Loss (%): 1.29 | Volatility: 0.76
2024-04-28 20:51:38,958 [INFO ] 297 | Entry Type: Long | Entry Price: 61268.27 | Exit Price: 61019.28 | Entry Time: 2024-04-18 11:04:59.999000+03:00 | Exit Time: 2024-04-18 11:14:59.999000+03:00 | Profit/Loss (%): -0.26 | Volatility: 0.01
2024-04-28 20:51:38,959 [INFO ] 298 | Entry Type: Short | Entry Price: 60968.62 | Exit Price: 61550.0 | Entry Time: 2024-04-18 11:14:59.999000+03:00 | Exit Time: 2024-04-18 11:44:59.999000+03:00 | Profit/Loss (%): -0.57 | Volatility: 1.13
2024-04-28 20:51:38,961 [INFO ] 299 | Entry Type: Long | Entry Price: 61410.75 | Exit Price: 62126.0 | Entry Time: 2024-04-18 11:44:59.999000+03:00 | Exit Time: 2024-04-18 15:34:59.999000+03:00 | Profit/Loss (%): 1.23 | Volatility: 1.38
2024-04-28 20:51:38,962 [INFO ] 300 | Entry Type: Short | Entry Price: 61759.72 | Exit Price: 63177.95 | Entry Time: 2024-04-18 15:34:59.999000+03:00 | Exit Time: 2024-04-18 17:09:59.999000+03:00 | Profit/Loss (%): -0.89 | Volatility: 2.59
2024-04-28 20:51:38,963 [INFO ] 301 | Entry Type: Long | Entry Price: 63175.31 | Exit Price: 63282.49 | Entry Time: 2024-04-18 17:09:59.999000+03:00 | Exit Time: 2024-04-18 20:49:59.999000+03:00 | Profit/Loss (%): 0.84 | Volatility: 0.97
2024-04-28 20:51:38,964 [INFO ] 302 | Entry Type: Short | Entry Price: 63110.56 | Exit Price: 63326.27 | Entry Time: 2024-04-18 20:49:59.999000+03:00 | Exit Time: 2024-04-18 22:44:59.999000+03:00 | Profit/Loss (%): -0.01 | Volatility: 1.61
2024-04-28 20:51:38,965 [INFO ] 303 | Entry Type: Long | Entry Price: 63303.11 | Exit Price: 63503.7 | Entry Time: 2024-04-18 22:44:59.999000+03:00 | Exit Time: 2024-04-19 01:09:59.999000+03:00 | Profit/Loss (%): 0.44 | Volatility: 0.49
2024-04-28 20:51:38,967 [INFO ] 304 | Entry Type: Short | Entry Price: 63352.0 | Exit Price: 62029.31 | Entry Time: 2024-04-19 01:09:59.999000+03:00 | Exit Time: 2024-04-19 06:24:59.999000+03:00 | Profit/Loss (%): 2.94 | Volatility: 3.83
2024-04-28 20:51:38,967 [INFO ] 305 | Entry Type: Long | Entry Price: 62029.3 | Exit Price: 64767.86 | Entry Time: 2024-04-19 06:24:59.999000+03:00 | Exit Time: 2024-04-19 13:34:59.999000+03:00 | Profit/Loss (%): 5.09 | Volatility: 5.09
2024-04-28 20:51:38,968 [INFO ] 306 | Entry Type: Short | Entry Price: 64567.0 | Exit Price: 65037.51 | Entry Time: 2024-04-19 13:34:59.999000+03:00 | Exit Time: 2024-04-19 14:14:59.999000+03:00 | Profit/Loss (%): -0.16 | Volatility: 0.96
2024-04-28 20:51:38,970 [INFO ] 307 | Entry Type: Long | Entry Price: 64865.34 | Exit Price: 64957.69 | Entry Time: 2024-04-19 14:14:59.999000+03:00 | Exit Time: 2024-04-19 16:09:59.999000+03:00 | Profit/Loss (%): 0.15 | Volatility: 0.41
2024-04-28 20:51:38,971 [INFO ] 308 | Entry Type: Short | Entry Price: 64773.42 | Exit Price: 64720.0 | Entry Time: 2024-04-19 16:09:59.999000+03:00 | Exit Time: 2024-04-19 20:44:59.999000+03:00 | Profit/Loss (%): 1.07 | Volatility: 1.87
2024-04-28 20:51:38,972 [INFO ] 309 | Entry Type: Long | Entry Price: 64517.07 | Exit Price: 64181.0 | Entry Time: 2024-04-19 20:44:59.999000+03:00 | Exit Time: 2024-04-19 23:34:59.999000+03:00 | Profit/Loss (%): -0.18 | Volatility: 0.27
2024-04-28 20:51:38,973 [INFO ] 310 | Entry Type: Short | Entry Price: 64076.36 | Exit Price: 64444.91 | Entry Time: 2024-04-19 23:34:59.999000+03:00 | Exit Time: 2024-04-20 00:34:59.999000+03:00 | Profit/Loss (%): -0.27 | Volatility: 1.2
2024-04-28 20:51:38,974 [INFO ] 311 | Entry Type: Long | Entry Price: 64408.13 | Exit Price: 64012.5 | Entry Time: 2024-04-20 00:34:59.999000+03:00 | Exit Time: 2024-04-20 02:04:59.999000+03:00 | Profit/Loss (%): -0.48 | Volatility: 0.02
2024-04-28 20:51:38,976 [INFO ] 312 | Entry Type: Short | Entry Price: 63221.83 | Exit Price: 64092.29 | Entry Time: 2024-04-20 02:04:59.999000+03:00 | Exit Time: 2024-04-20 05:49:59.999000+03:00 | Profit/Loss (%): 0.03 | Volatility: 1.8
2024-04-28 20:51:38,977 [INFO ] 313 | Entry Type: Long | Entry Price: 64064.31 | Exit Price: 64043.93 | Entry Time: 2024-04-20 05:49:59.999000+03:00 | Exit Time: 2024-04-20 10:29:59.999000+03:00 | Profit/Loss (%): 0.0 | Volatility: 0.43
2024-04-28 20:51:38,978 [INFO ] 314 | Entry Type: Short | Entry Price: 63984.92 | Exit Price: 63748.61 | Entry Time: 2024-04-20 10:29:59.999000+03:00 | Exit Time: 2024-04-20 14:09:59.999000+03:00 | Profit/Loss (%): 0.59 | Volatility: 0.74
2024-04-28 20:51:38,979 [INFO ] 315 | Entry Type: Long | Entry Price: 63748.61 | Exit Price: 63900.0 | Entry Time: 2024-04-20 14:09:59.999000+03:00 | Exit Time: 2024-04-20 18:09:59.999000+03:00 | Profit/Loss (%): 0.44 | Volatility: 0.51
2024-04-28 20:51:38,981 [INFO ] 316 | Entry Type: Short | Entry Price: 63812.95 | Exit Price: 64185.96 | Entry Time: 2024-04-20 18:09:59.999000+03:00 | Exit Time: 2024-04-20 18:34:59.999000+03:00 | Profit/Loss (%): -0.09 | Volatility: 0.62
2024-04-28 20:51:38,982 [INFO ] 317 | Entry Type: Long | Entry Price: 64153.84 | Exit Price: 64979.99 | Entry Time: 2024-04-20 18:34:59.999000+03:00 | Exit Time: 2024-04-20 22:09:59.999000+03:00 | Profit/Loss (%): 1.56 | Volatility: 1.62
2024-04-28 20:51:38,983 [INFO ] 318 | Entry Type: Short | Entry Price: 64900.83 | Exit Price: 64796.0 | Entry Time: 2024-04-20 22:09:59.999000+03:00 | Exit Time: 2024-04-21 02:14:59.999000+03:00 | Profit/Loss (%): 0.34 | Volatility: 0.37
2024-04-28 20:51:38,984 [INFO ] 319 | Entry Type: Long | Entry Price: 64788.01 | Exit Price: 64768.75 | Entry Time: 2024-04-21 02:14:59.999000+03:00 | Exit Time: 2024-04-21 03:39:59.999000+03:00 | Profit/Loss (%): 0.03 | Volatility: 0.11
2024-04-28 20:51:38,985 [INFO ] 320 | Entry Type: Short | Entry Price: 64647.99 | Exit Price: 64966.63 | Entry Time: 2024-04-21 03:39:59.999000+03:00 | Exit Time: 2024-04-21 04:19:59.999000+03:00 | Profit/Loss (%): -0.23 | Volatility: 0.55
2024-04-28 20:51:38,986 [INFO ] 321 | Entry Type: Long | Entry Price: 64966.62 | Exit Price: 65019.53 | Entry Time: 2024-04-21 04:19:59.999000+03:00 | Exit Time: 2024-04-21 07:19:59.999000+03:00 | Profit/Loss (%): 0.14 | Volatility: 0.22
2024-04-28 20:51:38,987 [INFO ] 322 | Entry Type: Short | Entry Price: 64966.04 | Exit Price: 65175.0 | Entry Time: 2024-04-21 07:19:59.999000+03:00 | Exit Time: 2024-04-21 10:59:59.999000+03:00 | Profit/Loss (%): -0.25 | Volatility: 0.51
2024-04-28 20:51:38,988 [INFO ] 323 | Entry Type: Long | Entry Price: 65150.66 | Exit Price: 65030.01 | Entry Time: 2024-04-21 10:59:59.999000+03:00 | Exit Time: 2024-04-21 11:44:59.999000+03:00 | Profit/Loss (%): -0.19 | Volatility: 0.12
2024-04-28 20:51:38,989 [INFO ] 324 | Entry Type: Short | Entry Price: 64973.34 | Exit Price: 64956.25 | Entry Time: 2024-04-21 11:44:59.999000+03:00 | Exit Time: 2024-04-21 13:39:59.999000+03:00 | Profit/Loss (%): 0.19 | Volatility: 0.3
2024-04-28 20:51:38,990 [INFO ] 325 | Entry Type: Long | Entry Price: 64956.25 | Exit Price: 65045.51 | Entry Time: 2024-04-21 13:39:59.999000+03:00 | Exit Time: 2024-04-21 16:04:59.999000+03:00 | Profit/Loss (%): 0.15 | Volatility: 0.23
2024-04-28 20:51:38,991 [INFO ] 326 | Entry Type: Short | Entry Price: 64865.99 | Exit Price: 65114.0 | Entry Time: 2024-04-21 16:04:59.999000+03:00 | Exit Time: 2024-04-21 18:44:59.999000+03:00 | Profit/Loss (%): -0.02 | Volatility: 0.52
2024-04-28 20:51:38,992 [INFO ] 327 | Entry Type: Long | Entry Price: 65084.83 | Exit Price: 64923.71 | Entry Time: 2024-04-21 18:44:59.999000+03:00 | Exit Time: 2024-04-21 19:09:59.999000+03:00 | Profit/Loss (%): -0.43 | Volatility: 0.35
2024-04-28 20:51:38,993 [INFO ] 328 | Entry Type: Short | Entry Price: 64548.3 | Exit Price: 64875.98 | Entry Time: 2024-04-21 19:09:59.999000+03:00 | Exit Time: 2024-04-21 20:54:59.999000+03:00 | Profit/Loss (%): -0.09 | Volatility: 0.99
2024-04-28 20:51:38,994 [INFO ] 329 | Entry Type: Long | Entry Price: 64867.9 | Exit Price: 64547.45 | Entry Time: 2024-04-21 20:54:59.999000+03:00 | Exit Time: 2024-04-21 23:49:59.999000+03:00 | Profit/Loss (%): -0.43 | Volatility: 0.29
2024-04-28 20:51:38,995 [INFO ] 330 | Entry Type: Short | Entry Price: 64504.99 | Exit Price: 65167.19 | Entry Time: 2024-04-21 23:49:59.999000+03:00 | Exit Time: 2024-04-22 00:09:59.999000+03:00 | Profit/Loss (%): -0.49 | Volatility: 1.08
2024-04-28 20:51:38,996 [INFO ] 331 | Entry Type: Long | Entry Price: 65122.62 | Exit Price: 64884.01 | Entry Time: 2024-04-22 00:09:59.999000+03:00 | Exit Time: 2024-04-22 04:09:59.999000+03:00 | Profit/Loss (%): 0.07 | Volatility: 0.48
2024-04-28 20:51:38,997 [INFO ] 332 | Entry Type: Short | Entry Price: 64800.0 | Exit Price: 65640.0 | Entry Time: 2024-04-22 04:09:59.999000+03:00 | Exit Time: 2024-04-22 04:24:59.999000+03:00 | Profit/Loss (%): -0.52 | Volatility: 1.39
2024-04-28 20:51:38,998 [INFO ] 333 | Entry Type: Long | Entry Price: 65587.98 | Exit Price: 64968.75 | Entry Time: 2024-04-22 04:24:59.999000+03:00 | Exit Time: 2024-04-22 04:34:59.999000+03:00 | Profit/Loss (%): -0.47 | Volatility: 0.09
2024-04-28 20:51:38,998 [INFO ] 334 | Entry Type: Short | Entry Price: 64910.0 | Exit Price: 65300.0 | Entry Time: 2024-04-22 04:34:59.999000+03:00 | Exit Time: 2024-04-22 06:29:59.999000+03:00 | Profit/Loss (%): -0.3 | Volatility: 1.23
2024-04-28 20:51:38,999 [INFO ] 335 | Entry Type: Long | Entry Price: 65287.98 | Exit Price: 66095.54 | Entry Time: 2024-04-22 06:29:59.999000+03:00 | Exit Time: 2024-04-22 10:44:59.999000+03:00 | Profit/Loss (%): 1.44 | Volatility: 1.51
2024-04-28 20:51:39,000 [INFO ] 336 | Entry Type: Short | Entry Price: 66014.36 | Exit Price: 66090.79 | Entry Time: 2024-04-22 10:44:59.999000+03:00 | Exit Time: 2024-04-22 13:54:59.999000+03:00 | Profit/Loss (%): 0.05 | Volatility: 0.44
2024-04-28 20:51:39,001 [INFO ] 337 | Entry Type: Long | Entry Price: 66046.9 | Exit Price: 65832.0 | Entry Time: 2024-04-22 13:54:59.999000+03:00 | Exit Time: 2024-04-22 15:19:59.999000+03:00 | Profit/Loss (%): -0.29 | Volatility: 0.2
2024-04-28 20:51:39,002 [INFO ] 338 | Entry Type: Short | Entry Price: 65723.77 | Exit Price: 65946.0 | Entry Time: 2024-04-22 15:19:59.999000+03:00 | Exit Time: 2024-04-22 15:44:59.999000+03:00 | Profit/Loss (%): -0.06 | Volatility: 0.49
2024-04-28 20:51:39,003 [INFO ] 339 | Entry Type: Long | Entry Price: 65896.0 | Exit Price: 65878.0 | Entry Time: 2024-04-22 15:44:59.999000+03:00 | Exit Time: 2024-04-22 18:09:59.999000+03:00 | Profit/Loss (%): -0.02 | Volatility: 0.28
2024-04-28 20:51:39,004 [INFO ] 340 | Entry Type: Short | Entry Price: 65787.01 | Exit Price: 66400.0 | Entry Time: 2024-04-22 18:09:59.999000+03:00 | Exit Time: 2024-04-22 19:19:59.999000+03:00 | Profit/Loss (%): -0.5 | Volatility: 1.12
2024-04-28 20:51:39,005 [INFO ] 341 | Entry Type: Long | Entry Price: 66324.0 | Exit Price: 66426.21 | Entry Time: 2024-04-22 19:19:59.999000+03:00 | Exit Time: 2024-04-22 22:19:59.999000+03:00 | Profit/Loss (%): 0.27 | Volatility: 0.77
2024-04-28 20:51:39,006 [INFO ] 342 | Entry Type: Short | Entry Price: 66261.01 | Exit Price: 66696.64 | Entry Time: 2024-04-22 22:19:59.999000+03:00 | Exit Time: 2024-04-22 23:14:59.999000+03:00 | Profit/Loss (%): -0.39 | Volatility: 0.84
2024-04-28 20:51:39,007 [INFO ] 343 | Entry Type: Long | Entry Price: 66672.58 | Exit Price: 66546.0 | Entry Time: 2024-04-22 23:14:59.999000+03:00 | Exit Time: 2024-04-23 00:04:59.999000+03:00 | Profit/Loss (%): -0.17 | Volatility: 0.23
2024-04-28 20:51:39,008 [INFO ] 344 | Entry Type: Short | Entry Price: 66452.76 | Exit Price: 66545.34 | Entry Time: 2024-04-23 00:04:59.999000+03:00 | Exit Time: 2024-04-23 00:54:59.999000+03:00 | Profit/Loss (%): 0.02 | Volatility: 0.31
2024-04-28 20:51:39,009 [INFO ] 345 | Entry Type: Long | Entry Price: 66545.34 | Exit Price: 66951.98 | Entry Time: 2024-04-23 00:54:59.999000+03:00 | Exit Time: 2024-04-23 04:49:59.999000+03:00 | Profit/Loss (%): 0.68 | Volatility: 0.74
2024-04-28 20:51:39,010 [INFO ] 346 | Entry Type: Short | Entry Price: 66884.02 | Exit Price: 66609.31 | Entry Time: 2024-04-23 04:49:59.999000+03:00 | Exit Time: 2024-04-23 08:39:59.999000+03:00 | Profit/Loss (%): 0.67 | Volatility: 0.64
2024-04-28 20:51:39,012 [INFO ] 347 | Entry Type: Long | Entry Price: 66609.3 | Exit Price: 66406.81 | Entry Time: 2024-04-23 08:39:59.999000+03:00 | Exit Time: 2024-04-23 10:14:59.999000+03:00 | Profit/Loss (%): -0.14 | Volatility: 0.15
2024-04-28 20:51:39,013 [INFO ] 348 | Entry Type: Short | Entry Price: 66291.76 | Exit Price: 66310.44 | Entry Time: 2024-04-23 10:14:59.999000+03:00 | Exit Time: 2024-04-23 13:39:59.999000+03:00 | Profit/Loss (%): 0.23 | Volatility: 0.52
2024-04-28 20:51:39,014 [INFO ] 349 | Entry Type: Long | Entry Price: 66281.41 | Exit Price: 66065.56 | Entry Time: 2024-04-23 13:39:59.999000+03:00 | Exit Time: 2024-04-23 14:39:59.999000+03:00 | Profit/Loss (%): -0.31 | Volatility: 0.1
2024-04-28 20:51:39,015 [INFO ] 350 | Entry Type: Short | Entry Price: 65901.01 | Exit Price: 66258.0 | Entry Time: 2024-04-23 14:39:59.999000+03:00 | Exit Time: 2024-04-23 16:34:59.999000+03:00 | Profit/Loss (%): -0.1 | Volatility: 0.75
2024-04-28 20:51:39,016 [INFO ] 351 | Entry Type: Long | Entry Price: 66190.01 | Exit Price: 66550.0 | Entry Time: 2024-04-23 16:34:59.999000+03:00 | Exit Time: 2024-04-23 18:59:59.999000+03:00 | Profit/Loss (%): 0.58 | Volatility: 0.71
2024-04-28 20:51:39,017 [INFO ] 352 | Entry Type: Short | Entry Price: 66419.56 | Exit Price: 66452.88 | Entry Time: 2024-04-23 18:59:59.999000+03:00 | Exit Time: 2024-04-24 01:19:59.999000+03:00 | Profit/Loss (%): 0.12 | Volatility: 0.71
2024-04-28 20:51:39,018 [INFO ] 353 | Entry Type: Long | Entry Price: 66452.87 | Exit Price: 66630.0 | Entry Time: 2024-04-24 01:19:59.999000+03:00 | Exit Time: 2024-04-24 05:29:59.999000+03:00 | Profit/Loss (%): 0.28 | Volatility: 0.77
2024-04-28 20:51:39,019 [INFO ] 354 | Entry Type: Short | Entry Price: 66557.99 | Exit Price: 67065.0 | Entry Time: 2024-04-24 05:29:59.999000+03:00 | Exit Time: 2024-04-24 07:49:59.999000+03:00 | Profit/Loss (%): -0.25 | Volatility: 0.94
2024-04-28 20:51:39,020 [INFO ] 355 | Entry Type: Long | Entry Price: 66971.56 | Exit Price: 66666.0 | Entry Time: 2024-04-24 07:49:59.999000+03:00 | Exit Time: 2024-04-24 09:14:59.999000+03:00 | Profit/Loss (%): -0.2 | Volatility: 0.1
2024-04-28 20:51:39,021 [INFO ] 356 | Entry Type: Short | Entry Price: 66631.4 | Exit Price: 66878.0 | Entry Time: 2024-04-24 09:14:59.999000+03:00 | Exit Time: 2024-04-24 10:19:59.999000+03:00 | Profit/Loss (%): -0.26 | Volatility: 0.49
2024-04-28 20:51:39,022 [INFO ] 357 | Entry Type: Long | Entry Price: 66858.46 | Exit Price: 66676.91 | Entry Time: 2024-04-24 10:19:59.999000+03:00 | Exit Time: 2024-04-24 10:59:59.999000+03:00 | Profit/Loss (%): -0.24 | Volatility: 0.13
2024-04-28 20:51:39,023 [INFO ] 358 | Entry Type: Short | Entry Price: 66630.9 | Exit Price: 66608.74 | Entry Time: 2024-04-24 10:59:59.999000+03:00 | Exit Time: 2024-04-24 14:29:59.999000+03:00 | Profit/Loss (%): 0.39 | Volatility: 0.61
2024-04-28 20:51:39,024 [INFO ] 359 | Entry Type: Long | Entry Price: 66590.33 | Exit Price: 66355.99 | Entry Time: 2024-04-24 14:29:59.999000+03:00 | Exit Time: 2024-04-24 16:04:59.999000+03:00 | Profit/Loss (%): -0.06 | Volatility: 0.01
2024-04-28 20:51:39,025 [INFO ] 360 | Entry Type: Short | Entry Price: 66139.13 | Exit Price: 65022.34 | Entry Time: 2024-04-24 16:04:59.999000+03:00 | Exit Time: 2024-04-24 20:14:59.999000+03:00 | Profit/Loss (%): 2.25 | Volatility: 1.02
2024-04-28 20:51:39,026 [INFO ] 361 | Entry Type: Long | Entry Price: 64968.56 | Exit Price: 64599.56 | Entry Time: 2024-04-24 20:14:59.999000+03:00 | Exit Time: 2024-04-24 21:49:59.999000+03:00 | Profit/Loss (%): -0.41 | Volatility: 0.03
2024-04-28 20:51:39,028 [INFO ] 362 | Entry Type: Short | Entry Price: 64413.82 | Exit Price: 64317.19 | Entry Time: 2024-04-24 21:49:59.999000+03:00 | Exit Time: 2024-04-25 02:44:59.999000+03:00 | Profit/Loss (%): 0.68 | Volatility: 1.1
2024-04-28 20:51:39,029 [INFO ] 363 | Entry Type: Long | Entry Price: 64317.19 | Exit Price: 64379.46 | Entry Time: 2024-04-25 02:44:59.999000+03:00 | Exit Time: 2024-04-25 04:54:59.999000+03:00 | Profit/Loss (%): 0.27 | Volatility: 0.36
2024-04-28 20:51:39,030 [INFO ] 364 | Entry Type: Short | Entry Price: 64159.41 | Exit Price: 64397.78 | Entry Time: 2024-04-25 04:54:59.999000+03:00 | Exit Time: 2024-04-25 07:39:59.999000+03:00 | Profit/Loss (%): 0.05 | Volatility: 0.84
2024-04-28 20:51:39,031 [INFO ] 365 | Entry Type: Long | Entry Price: 64309.04 | Exit Price: 64198.0 | Entry Time: 2024-04-25 07:39:59.999000+03:00 | Exit Time: 2024-04-25 08:24:59.999000+03:00 | Profit/Loss (%): -0.24 | Volatility: 0.13
2024-04-28 20:51:39,031 [INFO ] 366 | Entry Type: Short | Entry Price: 64053.99 | Exit Price: 64311.0 | Entry Time: 2024-04-25 08:24:59.999000+03:00 | Exit Time: 2024-04-25 08:44:59.999000+03:00 | Profit/Loss (%): -0.15 | Volatility: 0.45
2024-04-28 20:51:39,032 [INFO ] 367 | Entry Type: Long | Entry Price: 64311.0 | Exit Price: 64262.7 | Entry Time: 2024-04-25 08:44:59.999000+03:00 | Exit Time: 2024-04-25 10:34:59.999000+03:00 | Profit/Loss (%): 0.0 | Volatility: 0.1
2024-04-28 20:51:39,033 [INFO ] 368 | Entry Type: Short | Entry Price: 64220.51 | Exit Price: 63819.45 | Entry Time: 2024-04-25 10:34:59.999000+03:00 | Exit Time: 2024-04-25 14:24:59.999000+03:00 | Profit/Loss (%): 0.79 | Volatility: 0.75
2024-04-28 20:51:39,034 [INFO ] 369 | Entry Type: Long | Entry Price: 63819.45 | Exit Price: 63817.63 | Entry Time: 2024-04-25 14:24:59.999000+03:00 | Exit Time: 2024-04-25 15:49:59.999000+03:00 | Profit/Loss (%): 0.04 | Volatility: 0.22
2024-04-28 20:51:39,035 [INFO ] 370 | Entry Type: Short | Entry Price: 63563.46 | Exit Price: 63835.82 | Entry Time: 2024-04-25 15:49:59.999000+03:00 | Exit Time: 2024-04-25 17:14:59.999000+03:00 | Profit/Loss (%): 0.32 | Volatility: 1.64
2024-04-28 20:51:39,036 [INFO ] 371 | Entry Type: Long | Entry Price: 63765.33 | Exit Price: 64666.13 | Entry Time: 2024-04-25 17:14:59.999000+03:00 | Exit Time: 2024-04-25 23:14:59.999000+03:00 | Profit/Loss (%): 1.67 | Volatility: 2.27
2024-04-28 20:51:39,037 [INFO ] 372 | Entry Type: Short | Entry Price: 64579.86 | Exit Price: 64963.42 | Entry Time: 2024-04-25 23:14:59.999000+03:00 | Exit Time: 2024-04-26 00:04:59.999000+03:00 | Profit/Loss (%): -0.27 | Volatility: 0.73
2024-04-28 20:51:39,038 [INFO ] 373 | Entry Type: Long | Entry Price: 64958.23 | Exit Price: 64740.0 | Entry Time: 2024-04-26 00:04:59.999000+03:00 | Exit Time: 2024-04-26 01:04:59.999000+03:00 | Profit/Loss (%): -0.13 | Volatility: 0.09
2024-04-28 20:51:39,039 [INFO ] 374 | Entry Type: Short | Entry Price: 64618.86 | Exit Price: 64504.0 | Entry Time: 2024-04-26 01:04:59.999000+03:00 | Exit Time: 2024-04-26 04:44:59.999000+03:00 | Profit/Loss (%): 0.57 | Volatility: 0.95
2024-04-28 20:51:39,040 [INFO ] 375 | Entry Type: Long | Entry Price: 64447.98 | Exit Price: 64295.74 | Entry Time: 2024-04-26 04:44:59.999000+03:00 | Exit Time: 2024-04-26 07:19:59.999000+03:00 | Profit/Loss (%): -0.1 | Volatility: 0.12
2024-04-28 20:51:39,041 [INFO ] 376 | Entry Type: Short | Entry Price: 64218.0 | Exit Price: 64574.32 | Entry Time: 2024-04-26 07:19:59.999000+03:00 | Exit Time: 2024-04-26 08:54:59.999000+03:00 | Profit/Loss (%): -0.21 | Volatility: 0.89
2024-04-28 20:51:39,041 [INFO ] 377 | Entry Type: Long | Entry Price: 64486.47 | Exit Price: 64292.01 | Entry Time: 2024-04-26 08:54:59.999000+03:00 | Exit Time: 2024-04-26 10:59:59.999000+03:00 | Profit/Loss (%): -0.21 | Volatility: 0.06
2024-04-28 20:51:39,042 [INFO ] 378 | Entry Type: Short | Entry Price: 64276.95 | Exit Price: 64495.05 | Entry Time: 2024-04-26 10:59:59.999000+03:00 | Exit Time: 2024-04-26 12:09:59.999000+03:00 | Profit/Loss (%): -0.18 | Volatility: 0.41
2024-04-28 20:51:39,043 [INFO ] 379 | Entry Type: Long | Entry Price: 64453.44 | Exit Price: 64290.0 | Entry Time: 2024-04-26 12:09:59.999000+03:00 | Exit Time: 2024-04-26 13:49:59.999000+03:00 | Profit/Loss (%): -0.18 | Volatility: 0.08
2024-04-28 20:51:39,044 [INFO ] 380 | Entry Type: Short | Entry Price: 64186.0 | Exit Price: 64460.0 | Entry Time: 2024-04-26 13:49:59.999000+03:00 | Exit Time: 2024-04-26 15:39:59.999000+03:00 | Profit/Loss (%): -0.14 | Volatility: 0.62
2024-04-28 20:51:39,045 [INFO ] 381 | Entry Type: Long | Entry Price: 64440.78 | Exit Price: 64303.58 | Entry Time: 2024-04-26 15:39:59.999000+03:00 | Exit Time: 2024-04-26 15:54:59.999000+03:00 | Profit/Loss (%): -0.16 | Volatility: 0.12
2024-04-28 20:51:39,046 [INFO ] 382 | Entry Type: Short | Entry Price: 63980.01 | Exit Price: 64400.0 | Entry Time: 2024-04-26 15:54:59.999000+03:00 | Exit Time: 2024-04-26 16:49:59.999000+03:00 | Profit/Loss (%): 0.24 | Volatility: 1.12
2024-04-28 20:51:39,047 [INFO ] 383 | Entry Type: Long | Entry Price: 64369.82 | Exit Price: 64056.0 | Entry Time: 2024-04-26 16:49:59.999000+03:00 | Exit Time: 2024-04-26 17:49:59.999000+03:00 | Profit/Loss (%): -0.1 | Volatility: 0.24
2024-04-28 20:51:39,048 [INFO ] 384 | Entry Type: Short | Entry Price: 64003.85 | Exit Price: 64038.59 | Entry Time: 2024-04-26 17:49:59.999000+03:00 | Exit Time: 2024-04-26 20:59:59.999000+03:00 | Profit/Loss (%): 0.01 | Volatility: 1.16
2024-04-28 20:51:39,049 [INFO ] 385 | Entry Type: Long | Entry Price: 64008.4 | Exit Price: 63883.95 | Entry Time: 2024-04-26 20:59:59.999000+03:00 | Exit Time: 2024-04-26 22:44:59.999000+03:00 | Profit/Loss (%): -0.24 | Volatility: 0.05
2024-04-28 20:51:39,049 [INFO ] Overall Profit/Loss ($): 288.17
2024-04-28 20:51:39,050 [INFO ] Win Rate (%): 52.73
