2024-02-12 18:28:53,771 [INFO ]                                open      high  ...  trades                   close_datetime
open_datetime                                  ...                                         
2023-12-14 00:00:00+02:00  42988.48  43081.10  ...    6662 2023-12-14 00:04:59.999000+02:00
2023-12-14 00:05:00+02:00  43056.99  43166.66  ...    6719 2023-12-14 00:09:59.999000+02:00
2023-12-14 00:10:00+02:00  43148.37  43475.20  ...   21264 2023-12-14 00:14:59.999000+02:00
2023-12-14 00:15:00+02:00  43361.50  43455.14  ...   10073 2023-12-14 00:19:59.999000+02:00
2023-12-14 00:20:00+02:00  43303.05  43363.21  ...    5459 2023-12-14 00:24:59.999000+02:00
...                             ...       ...  ...     ...                              ...
2023-12-23 23:40:00+02:00  43776.00  43779.68  ...    2191 2023-12-23 23:44:59.999000+02:00
2023-12-23 23:45:00+02:00  43779.67  43779.71  ...    2400 2023-12-23 23:49:59.999000+02:00
2023-12-23 23:50:00+02:00  43772.56  43776.36  ...    2534 2023-12-23 23:54:59.999000+02:00
2023-12-23 23:55:00+02:00  43776.36  43776.36  ...    1971 2023-12-23 23:59:59.999000+02:00
2023-12-24 00:00:00+02:00  43772.55  43773.21  ...    3213 2023-12-24 00:04:59.999000+02:00

[2881 rows x 8 columns]
2024-02-12 23:43:55,940 [INFO ]                                open      high       low     close     volume  quote_volume  trades                   close_datetime
open_datetime                                                                                                                      
2023-10-14 00:05:00+03:00  27042.10  27064.06  27022.70  27023.68  228.76098  6.184975e+06    8436 2023-10-14 00:09:59.999000+03:00
2023-10-14 00:10:00+03:00  27023.68  27023.68  26878.40  26911.51  440.32047  1.185898e+07   15742 2023-10-14 00:14:59.999000+03:00
2023-10-14 00:15:00+03:00  26911.51  26957.78  26839.84  26949.31  423.52224  1.138989e+07   11073 2023-10-14 00:19:59.999000+03:00
2023-10-14 00:20:00+03:00  26949.32  27028.66  26913.29  26995.02  187.14502  5.048343e+06    8876 2023-10-14 00:24:59.999000+03:00
2023-10-14 00:25:00+03:00  26995.02  27043.57  26978.24  26998.56  161.85793  4.372709e+06    6676 2023-10-14 00:29:59.999000+03:00
...                             ...       ...       ...       ...        ...           ...     ...                              ...
2023-12-23 23:40:00+02:00  43776.00  43779.68  43775.99  43779.68   22.01270  9.636781e+05    2191 2023-12-23 23:44:59.999000+02:00
2023-12-23 23:45:00+02:00  43779.67  43779.71  43754.09  43772.56   32.17444  1.408242e+06    2400 2023-12-23 23:49:59.999000+02:00
2023-12-23 23:50:00+02:00  43772.56  43776.36  43757.43  43776.35   44.28826  1.938318e+06    2534 2023-12-23 23:54:59.999000+02:00
2023-12-23 23:55:00+02:00  43776.36  43776.36  43765.70  43772.55   25.00234  1.094363e+06    1971 2023-12-23 23:59:59.999000+02:00
2023-12-24 00:00:00+02:00  43772.55  43773.21  43757.43  43773.21   51.37793  2.248797e+06    3213 2023-12-24 00:04:59.999000+02:00

[20460 rows x 8 columns]
